\BOOKMARK [0][]{chapter.1}{\376\377\000I\000n\000t\000r\000o\000d\000u\000c\000c\000i\000\363}{}% 1
\BOOKMARK [0][]{chapter.2}{\376\377\000V\000i\000a\000b\000i\000l\000i\000t\000a\000t}{}% 2
\BOOKMARK [1][]{section.2.1}{\376\377\000S\000e\000c\000c\000i\000\363}{chapter.2}% 3
\BOOKMARK [2][]{subsection.2.1.1}{\376\377\000S\000u\000b\000s\000e\000c\000c\000i\000\363}{section.2.1}% 4
\BOOKMARK [0][]{chapter.3}{\376\377\000M\000e\000t\000o\000d\000o\000l\000o\000g\000i\000a}{}% 5
\BOOKMARK [0][]{chapter.4}{\376\377\000P\000l\000a\000n\000i\000f\000i\000c\000a\000c\000i\000\363}{}% 6
\BOOKMARK [0][]{chapter.5}{\376\377\000M\000a\000r\000c\000\040\000d\000e\000\040\000t\000r\000e\000b\000a\000l\000l\000\040\000i\000\040\000c\000o\000n\000c\000e\000p\000t\000e\000s\000\040\000p\000r\000e\000v\000i}{}% 7
\BOOKMARK [0][]{chapter.6}{\376\377\000R\000e\000q\000u\000i\000s\000i\000t\000s\000\040\000d\000e\000l\000\040\000s\000i\000s\000t\000e\000m\000a}{}% 8
\BOOKMARK [0][]{chapter.7}{\376\377\000E\000s\000t\000u\000d\000i\000\040\000i\000\040\000d\000e\000c\000i\000s\000i\000o\000n\000s}{}% 9
\BOOKMARK [0][]{chapter.8}{\376\377\000A\000n\000\340\000l\000i\000s\000i\000\040\000i\000\040\000d\000i\000s\000s\000e\000n\000y\000\040\000d\000e\000l\000\040\000s\000i\000s\000t\000e\000m\000a}{}% 10
\BOOKMARK [0][]{chapter.9}{\376\377\000I\000m\000p\000l\000e\000m\000e\000n\000t\000a\000c\000i\000\363\000\040\000i\000\040\000p\000r\000o\000v\000e\000s}{}% 11
\BOOKMARK [0][]{chapter.10}{\376\377\000I\000m\000p\000l\000a\000n\000t\000a\000c\000i\000\363\000\040\000i\000\040\000r\000e\000s\000u\000l\000t\000a\000t\000s}{}% 12
\BOOKMARK [1][]{section.10.1}{\376\377\000P\000r\000o\000v\000a\000\040\0001}{chapter.10}% 13
\BOOKMARK [1][]{section.10.2}{\376\377\000P\000r\000o\000v\000a\000\040\0002}{chapter.10}% 14
\BOOKMARK [1][]{section.10.3}{\376\377\000P\000r\000o\000v\000a\000\040\0003}{chapter.10}% 15
\BOOKMARK [1][]{section.10.4}{\376\377\000P\000r\000o\000v\000a\000\040\0004}{chapter.10}% 16
\BOOKMARK [1][]{section.10.5}{\376\377\000P\000r\000o\000v\000a\000\040\0005}{chapter.10}% 17
\BOOKMARK [1][]{section.10.6}{\376\377\000P\000r\000o\000v\000a\000\040\0006}{chapter.10}% 18
\BOOKMARK [1][]{section.10.7}{\376\377\000P\000r\000o\000v\000a\000\040\0007}{chapter.10}% 19
\BOOKMARK [1][]{section.10.8}{\376\377\000P\000r\000o\000v\000a\000\040\0008}{chapter.10}% 20
\BOOKMARK [1][]{section.10.9}{\376\377\000P\000r\000o\000v\000a\000\040\0009}{chapter.10}% 21
\BOOKMARK [1][]{section.10.10}{\376\377\000P\000r\000o\000v\000a\000\040\0001\0000}{chapter.10}% 22
\BOOKMARK [1][]{section.10.11}{\376\377\000P\000r\000o\000v\000a\000\040\0001\0001}{chapter.10}% 23
\BOOKMARK [0][]{chapter.11}{\376\377\000C\000o\000n\000c\000l\000u\000s\000i\000o\000n\000s}{}% 24
\BOOKMARK [0][]{chapter.12}{\376\377\000T\000r\000e\000b\000a\000l\000l\000\040\000f\000u\000t\000u\000r}{}% 25
\BOOKMARK [0][]{chapter*.6}{\376\377\000B\000i\000b\000l\000i\000o\000g\000r\000a\000f\000i\000a}{}% 26
\BOOKMARK [0][]{appendix.a.A}{\376\377\000P\000r\000e\000s\000s\000u\000p\000o\000s\000t}{}% 27
\BOOKMARK [0][]{appendix.a.B}{\376\377\000P\000l\000a\000n\000i\000f\000i\000c\000a\000c\000i\000\363}{}% 28
