This is pdfTeX, Version 3.141592653-2.6-1.40.25 (MiKTeX 24.1) (preloaded format=pdflatex 2024.8.1)  30 AUG 2024 23:58
entering extended mode
 restricted \write18 enabled.
 file:line:error style messages enabled.
 %&-line parsing enabled.
**c:/Users/sudan.wu/Desktop/PFG/main.tex
(c:/Users/sudan.wu/Desktop/PFG/main.tex
LaTeX2e <2023-11-01> patch level 1
L3 programming layer <2024-01-04>
(ThesisStyle.cls
Document Class: ThesisStyle 2004/02/16 v1.4f Standard LaTeX document class
(C:\Users\sudan.wu\AppData\Local\Programs\MiKTeX\tex/latex/base\bk12.clo
File: bk12.clo 2023/05/17 v1.4n Standard LaTeX file (size option)
)
\c@part=\count187
\c@chapter=\count188
\c@section=\count189
\c@subsection=\count190
\c@subsubsection=\count191
\c@paragraph=\count192
\c@subparagraph=\count193
\c@figure=\count194
\c@table=\count195
\abovecaptionskip=\skip48
\belowcaptionskip=\skip49
\bibindent=\dimen140
)
(thesis-style.sty
Package: thesis-style 

(C:\Users\sudan.wu\AppData\Local\Programs\MiKTeX\tex/generic/babel\babel.sty
Package: babel 2024/01/07 v24.1 The Babel package
\babel@savecnt=\count196
\U@D=\dimen141
\l@unhyphenated=\language79

(C:\Users\sudan.wu\AppData\Local\Programs\MiKTeX\tex/generic/babel\txtbabel.def
)
\bbl@readstream=\read2
\bbl@dirlevel=\count197

*************************************
* Local config file bblopts.cfg used
*
(C:\Users\sudan.wu\AppData\Local\Programs\MiKTeX\tex/latex/arabi\bblopts.cfg
File: bblopts.cfg 2005/09/08 v0.1 add Arabic and Farsi to "declared" options of
 babel
)
(C:\Users\sudan.wu\AppData\Local\Programs\MiKTeX\tex/latex/babel-catalan\catala
n.ldf
Language: catalan 2005/03/29 v2.2p Catalan support from the babel system
Package babel Info: Making " an active character on input line 91.
Warning: You are using encoding OT1 instead of T1.
Some word breaks will not be found.
\leftllkern=\dimen142
\rightllkern=\dimen143
\raiselldim=\dimen144
))
(C:\Users\sudan.wu\AppData\Local\Programs\MiKTeX\tex/generic/babel/locale/ca\ba
bel-catalan.tex
Package babel Info: Importing font and identification data for catalan
(babel)             from babel-ca.ini. Reported on input line 11.
)
(C:\Users\sudan.wu\AppData\Local\Programs\MiKTeX\tex/latex/amsmath\amsmath.sty
Package: amsmath 2023/05/13 v2.17o AMS math features
\@mathmargin=\skip50

For additional information on amsmath, use the `?' option.
(C:\Users\sudan.wu\AppData\Local\Programs\MiKTeX\tex/latex/amsmath\amstext.sty
Package: amstext 2021/08/26 v2.01 AMS text

(C:\Users\sudan.wu\AppData\Local\Programs\MiKTeX\tex/latex/amsmath\amsgen.sty
File: amsgen.sty 1999/11/30 v2.0 generic functions
\@emptytoks=\toks17
\ex@=\dimen145
)) (C:\Users\sudan.wu\AppData\Local\Programs\MiKTeX\tex/latex/amsmath\amsbsy.st
y
Package: amsbsy 1999/11/29 v1.2d Bold Symbols
\pmbraise@=\dimen146
) (C:\Users\sudan.wu\AppData\Local\Programs\MiKTeX\tex/latex/amsmath\amsopn.sty
Package: amsopn 2022/04/08 v2.04 operator names
)
\inf@bad=\count198
LaTeX Info: Redefining \frac on input line 234.
\uproot@=\count199
\leftroot@=\count266
LaTeX Info: Redefining \overline on input line 399.
LaTeX Info: Redefining \colon on input line 410.
\classnum@=\count267
\DOTSCASE@=\count268
LaTeX Info: Redefining \ldots on input line 496.
LaTeX Info: Redefining \dots on input line 499.
LaTeX Info: Redefining \cdots on input line 620.
\Mathstrutbox@=\box51
\strutbox@=\box52
LaTeX Info: Redefining \big on input line 722.
LaTeX Info: Redefining \Big on input line 723.
LaTeX Info: Redefining \bigg on input line 724.
LaTeX Info: Redefining \Bigg on input line 725.
\big@size=\dimen147
LaTeX Font Info:    Redeclaring font encoding OML on input line 743.
LaTeX Font Info:    Redeclaring font encoding OMS on input line 744.
\macc@depth=\count269
LaTeX Info: Redefining \bmod on input line 905.
LaTeX Info: Redefining \pmod on input line 910.
LaTeX Info: Redefining \smash on input line 940.
LaTeX Info: Redefining \relbar on input line 970.
LaTeX Info: Redefining \Relbar on input line 971.
\c@MaxMatrixCols=\count270
\dotsspace@=\muskip16
\c@parentequation=\count271
\dspbrk@lvl=\count272
\tag@help=\toks18
\row@=\count273
\column@=\count274
\maxfields@=\count275
\andhelp@=\toks19
\eqnshift@=\dimen148
\alignsep@=\dimen149
\tagshift@=\dimen150
\tagwidth@=\dimen151
\totwidth@=\dimen152
\lineht@=\dimen153
\@envbody=\toks20
\multlinegap=\skip51
\multlinetaggap=\skip52
\mathdisplay@stack=\toks21
LaTeX Info: Redefining \[ on input line 2953.
LaTeX Info: Redefining \] on input line 2954.
) (C:\Users\sudan.wu\AppData\Local\Programs\MiKTeX\tex/latex/base\fontenc.sty
Package: fontenc 2021/04/29 v2.0v Standard LaTeX package
)
(C:\Users\sudan.wu\AppData\Local\Programs\MiKTeX\tex/latex/base\inputenc.sty
Package: inputenc 2021/02/14 v1.3d Input encoding file
\inpenc@prehook=\toks22
\inpenc@posthook=\toks23
)
(C:\Users\sudan.wu\AppData\Local\Programs\MiKTeX\tex/latex/mathdesign\mathdesig
n.sty
Package: mathdesign 2013/08/29 v2.31 Math Design Project

(C:\Users\sudan.wu\AppData\Local\Programs\MiKTeX\tex/latex/graphics\keyval.sty
Package: keyval 2022/05/29 v1.15 key=value parser (DPC)
\KV@toks@=\toks24
) (C:\Users\sudan.wu\AppData\Local\Programs\MiKTeX\tex/latex/base\ifthen.sty
Package: ifthen 2022/04/13 v1.1d Standard LaTeX ifthen package (DPC)
)
(C:\Users\sudan.wu\AppData\Local\Programs\MiKTeX\tex/latex/mathdesign/mdbch\mdb
ch.cfg)
(C:\Users\sudan.wu\AppData\Local\Programs\MiKTeX\tex/latex/mathdesign/mdbch\mdb
ch.sty
Package: mdbch 2013/08/29 v2.31 bitstream bitstream charter + mdbch (Math Desig
n Project)

(C:\Users\sudan.wu\AppData\Local\Programs\MiKTeX\tex/latex/mathdesign\mdfont.de
f
File: mdfont.def 2013/08/29 v2.31 (Math Design Project)
)
(C:\Users\sudan.wu\AppData\Local\Programs\MiKTeX\tex/latex/mathdesign\mdsffont.
def
File: mdsffont.def 2013/08/29 v2.31 (Math Design Project)


LaTeX Info: Font shape OT1/phv/mc/n has incorrect series value `mc'.
            It should not contain an `m'! Please correct it.
            Found on input line 53.


LaTeX Info: Font shape OT1/phv/mc/sc has incorrect series value `mc'.
            It should not contain an `m'! Please correct it.
            Found on input line 56.


LaTeX Info: Font shape OT1/phv/mc/sl has incorrect series value `mc'.
            It should not contain an `m'! Please correct it.
            Found on input line 59.


LaTeX Info: Font shape OT1/phv/mc/it has incorrect series value `mc'.
            It should not contain an `m'! Please correct it.
            Found on input line 79.


LaTeX Info: Font shape T1/phv/mc/n has incorrect series value `mc'.
            It should not contain an `m'! Please correct it.
            Found on input line 102.


LaTeX Info: Font shape T1/phv/mc/sc has incorrect series value `mc'.
            It should not contain an `m'! Please correct it.
            Found on input line 105.


LaTeX Info: Font shape T1/phv/mc/sl has incorrect series value `mc'.
            It should not contain an `m'! Please correct it.
            Found on input line 108.


LaTeX Info: Font shape T1/phv/mc/it has incorrect series value `mc'.
            It should not contain an `m'! Please correct it.
            Found on input line 128.


LaTeX Info: Font shape OT1/uhv/mc/n has incorrect series value `mc'.
            It should not contain an `m'! Please correct it.
            Found on input line 259.


LaTeX Info: Font shape OT1/uhv/mc/sc has incorrect series value `mc'.
            It should not contain an `m'! Please correct it.
            Found on input line 262.


LaTeX Info: Font shape OT1/uhv/mc/sl has incorrect series value `mc'.
            It should not contain an `m'! Please correct it.
            Found on input line 265.


LaTeX Info: Font shape OT1/uhv/mc/it has incorrect series value `mc'.
            It should not contain an `m'! Please correct it.
            Found on input line 268.


LaTeX Info: Font shape T1/uhv/mc/n has incorrect series value `mc'.
            It should not contain an `m'! Please correct it.
            Found on input line 313.


LaTeX Info: Font shape T1/uhv/mc/sc has incorrect series value `mc'.
            It should not contain an `m'! Please correct it.
            Found on input line 316.


LaTeX Info: Font shape T1/uhv/mc/sl has incorrect series value `mc'.
            It should not contain an `m'! Please correct it.
            Found on input line 319.


LaTeX Info: Font shape T1/uhv/mc/it has incorrect series value `mc'.
            It should not contain an `m'! Please correct it.
            Found on input line 322.

)
(C:\Users\sudan.wu\AppData\Local\Programs\MiKTeX\tex/latex/mathdesign\mdttfont.
def
File: mdttfont.def 2013/08/29 v2.31 (Math Design Project)
)
\symmdcal=\mathgroup4
LaTeX Font Info:    Overwriting symbol font `mdcal' in version `bold'
(Font)                  OMS/mdbch/m/n --> OMS/mdbch/b/n on input line 97.
\symmdscr=\mathgroup5
LaTeX Font Info:    Overwriting symbol font `mdscr' in version `bold'
(Font)                  OMS/mdbch/m/n --> OMS/mdbch/b/n on input line 103.
LaTeX Font Info:    Overwriting math alphabet `\mathfrak' in version `bold'
(Font)                  U/xmdeuf/m/n --> U/xmdeuf/b/n on input line 110.
LaTeX Font Info:    Overwriting symbol font `operators' in version `normal'
(Font)                  OT1/cmr/m/n --> OT1/mdbch/m/n on input line 121.
LaTeX Font Info:    Overwriting symbol font `letters' in version `normal'
(Font)                  OML/cmm/m/it --> OML/mdbch/m/it on input line 122.
LaTeX Font Info:    Overwriting symbol font `symbols' in version `normal'
(Font)                  OMS/cmsy/m/n --> OMS/mdbch/m/n on input line 123.
LaTeX Font Info:    Overwriting symbol font `largesymbols' in version `normal'
(Font)                  OMX/cmex/m/n --> OMX/mdbch/m/n on input line 124.
LaTeX Font Info:    Overwriting symbol font `operators' in version `bold'
(Font)                  OT1/cmr/bx/n --> OT1/mdbch/b/n on input line 126.
LaTeX Font Info:    Overwriting symbol font `letters' in version `bold'
(Font)                  OML/cmm/b/it --> OML/mdbch/b/it on input line 127.
LaTeX Font Info:    Overwriting symbol font `symbols' in version `bold'
(Font)                  OMS/cmsy/b/n --> OMS/mdbch/b/n on input line 128.
LaTeX Font Info:    Overwriting symbol font `largesymbols' in version `bold'
(Font)                  OMX/cmex/m/n --> OMX/mdbch/b/n on input line 129.
LaTeX Font Info:    Overwriting math alphabet `\mathrm' in version `normal'
(Font)                  OT1/mdbch/m/n --> T1/mdbch/m/n on input line 131.
LaTeX Font Info:    Overwriting math alphabet `\mathbf' in version `normal'
(Font)                  OT1/cmr/bx/n --> T1/mdbch/b/n on input line 132.
LaTeX Font Info:    Overwriting math alphabet `\mathit' in version `normal'
(Font)                  OT1/cmr/m/it --> T1/mdbch/m/it on input line 133.
LaTeX Font Info:    Overwriting math alphabet `\mathsf' in version `normal'
(Font)                  OT1/cmss/m/n --> T1/cmss/m/n on input line 134.
LaTeX Font Info:    Overwriting math alphabet `\mathtt' in version `normal'
(Font)                  OT1/cmtt/m/n --> T1/cmtt/m/n on input line 135.
LaTeX Font Info:    Overwriting math alphabet `\mathrm' in version `bold'
(Font)                  OT1/mdbch/b/n --> T1/mdbch/b/n on input line 137.
LaTeX Font Info:    Overwriting math alphabet `\mathbf' in version `bold'
(Font)                  OT1/cmr/bx/n --> T1/mdbch/b/n on input line 138.
LaTeX Font Info:    Overwriting math alphabet `\mathit' in version `bold'
(Font)                  OT1/cmr/bx/it --> T1/mdbch/b/it on input line 139.
LaTeX Font Info:    Overwriting math alphabet `\mathsf' in version `bold'
(Font)                  OT1/cmss/bx/n --> T1/cmss/b/n on input line 140.
LaTeX Font Info:    Overwriting math alphabet `\mathtt' in version `bold'
(Font)                  OT1/cmtt/m/n --> T1/cmtt/b/n on input line 141.
\symlettersupright=\mathgroup6
LaTeX Font Info:    Overwriting symbol font `lettersupright' in version `bold'
(Font)                  OML/mdbch/m/n --> OML/mdbch/b/n on input line 144.
LaTeX Font Info:    Redeclaring math alphabet \mathrm on input line 145.
LaTeX Font Info:    Overwriting math alphabet `\mathcal' in version `normal'
(Font)                  OMS/mdbch/m/n --> OMS/mdbch/m/n on input line 167.

(C:\Users\sudan.wu\AppData\Local\Programs\MiKTeX\tex/latex/xkeyval\xkeyval.sty
Package: xkeyval 2022/06/16 v2.9 package option processing (HA)

(C:\Users\sudan.wu\AppData\Local\Programs\MiKTeX\tex/generic/xkeyval\xkeyval.te
x
(C:\Users\sudan.wu\AppData\Local\Programs\MiKTeX\tex/generic/xkeyval\xkvutils.t
ex
\XKV@toks=\toks25
\XKV@tempa@toks=\toks26
)
\XKV@depth=\count276
File: xkeyval.tex 2014/12/03 v2.7a key=value parser (HA)
))
LaTeX Font Info:    Trying to load font information for T1+mdbch on input line 
186.

(C:\Users\sudan.wu\AppData\Local\Programs\MiKTeX\tex/latex/mathdesign/mdbch\t1m
dbch.fd
File: t1mdbch.fd 2013/08/29 Fontinst v1.933 font definitions for T1/mdbch.
)
LaTeX Font Info:    Font shape `T1/mdbch/m/n' will be
(Font)              scaled to size 11.52008pt on input line 186.
LaTeX Font Info:    Redeclaring math accent \widetilde on input line 449.
LaTeX Font Info:    Redeclaring math accent \widehat on input line 450.
Now handling font encoding MDA ...
... no UTF-8 mapping file for font encoding MDA
\symmathdesignA=\mathgroup7
LaTeX Font Info:    Overwriting symbol font `mathdesignA' in version `bold'
(Font)                  MDA/mdbch/m/n --> MDA/mdbch/b/n on input line 491.
Now handling font encoding MDB ...
... no UTF-8 mapping file for font encoding MDB
\symmathdesignB=\mathgroup8
LaTeX Font Info:    Overwriting symbol font `mathdesignB' in version `bold'
(Font)                  MDB/mdbch/m/n --> MDB/mdbch/b/n on input line 498.
LaTeX Font Info:    Redeclaring math accent \widetilde on input line 532.
LaTeX Font Info:    Redeclaring math accent \widehat on input line 533.
\rulethickness=\skip53
)
(C:\Users\sudan.wu\AppData\Local\Programs\MiKTeX\tex/latex/base\fontenc.sty
Package: fontenc 2021/04/29 v2.0v Standard LaTeX package
))
(C:\Users\sudan.wu\AppData\Local\Programs\MiKTeX\tex/latex/appendix\appendix.st
y
Package: appendix 2020/02/08 v1.2c extra appendix facilities
\c@@pps=\count277
\c@@ppsavesec=\count278
\c@@ppsaveapp=\count279
)
(C:\Users\sudan.wu\AppData\Local\Programs\MiKTeX\tex/latex/geometry\geometry.st
y
Package: geometry 2020/01/02 v5.9 Page Geometry
 (C:\Users\sudan.wu\AppData\Local\Programs\MiKTeX\tex/generic/iftex\ifvtex.sty
Package: ifvtex 2019/10/25 v1.7 ifvtex legacy package. Use iftex instead.
(C:\Users\sudan.wu\AppData\Local\Programs\MiKTeX\tex/generic/iftex\iftex.sty
Package: iftex 2022/02/03 v1.0f TeX engine tests
))
\Gm@cnth=\count280
\Gm@cntv=\count281
\c@Gm@tempcnt=\count282
\Gm@bindingoffset=\dimen154
\Gm@wd@mp=\dimen155
\Gm@odd@mp=\dimen156
\Gm@even@mp=\dimen157
\Gm@layoutwidth=\dimen158
\Gm@layoutheight=\dimen159
\Gm@layouthoffset=\dimen160
\Gm@layoutvoffset=\dimen161
\Gm@dimlist=\toks27

(C:\Users\sudan.wu\AppData\Local\Programs\MiKTeX\tex/latex/geometry\geometry.cf
g))
(C:\Users\sudan.wu\AppData\Local\Programs\MiKTeX\tex/latex/minitoc\minitoc.sty
Package: minitoc 2018/07/12 v62 Package minitoc

(C:\Users\sudan.wu\AppData\Local\Programs\MiKTeX\tex/latex/minitoc\mtcmess.sty
Package: mtcmess 2006/03/14
)
Package minitoc Info: I0001
(minitoc)             *** minitoc package, version 62 ***.
\tf@mtc=\write3
\mtcindent=\skip54
\mtcskipamount=\skip55
Package minitoc Info: I0005
(minitoc)             compatible with hyperref.
Package minitoc Info: I0023
(minitoc)             part level macros available.
Package minitoc Info: I0003
(minitoc)             chapter level macros available.
\mtc@toks=\toks28
\mtc@strutbox=\box53
\mtc@hstrutbox=\box54
Package minitoc Info: I0002
(minitoc)             Autoconfiguration of extensions.
\openout3 = `main.mtc0'.

\openout3 = `main.mtc'.

(main.mtc0)
Package minitoc Info: I0012
(minitoc)             Long extensions (Unix-like) will be used.
Package minitoc Info: I0031
(minitoc)             ==> this version is configured for UNIX-like 
(minitoc)                 (long extensions) file names.
\openout3 = `main.mtc'.

\openout3 = `main.mtc0'.

\c@mtc=\count283
\c@minitocdepth=\count284
\c@ptc=\count285
\c@parttocdepth=\count286
\ptcindent=\skip56
Package minitoc Info: I0010
(minitoc)             The english language is selected.
(minitoc)              on input line 4910.

(C:\Users\sudan.wu\AppData\Local\Programs\MiKTeX\tex/latex/minitoc\english.mld
File: english.mld 2006/01/13
) (C:\Users\sudan.wu\AppData\Local\Programs\MiKTeX\tex/latex/minitoc\english.ml
d
File: english.mld 2006/01/13
))
(C:\Users\sudan.wu\AppData\Local\Programs\MiKTeX\tex/latex/tocbibind\tocbibind.
sty
Package: tocbibind 2010/10/13 v1.5k extra ToC listings
Package tocbibind Info: The document has chapter divisions on input line 50.


Package tocbibind Note: Using chapter style headings, unless overridden.

) (C:\Users\sudan.wu\AppData\Local\Programs\MiKTeX\tex/latex/tools\verbatim.sty
Package: verbatim 2023-11-06 v1.5v LaTeX2e package for verbatim enhancements
\every@verbatim=\toks29
\verbatim@line=\toks30
\verbatim@in@stream=\read3
) (C:\Users\sudan.wu\AppData\Local\Programs\MiKTeX\tex/latex/float\float.sty
Package: float 2001/11/08 v1.3d Float enhancements (AL)
\c@float@type=\count287
\float@exts=\toks31
\float@box=\box55
\@float@everytoks=\toks32
\@floatcapt=\box56
)
(C:\Users\sudan.wu\AppData\Local\Programs\MiKTeX\tex/generic/iftex\ifpdf.sty
Package: ifpdf 2019/10/25 v3.4 ifpdf legacy package. Use iftex instead.
)
(C:\Users\sudan.wu\AppData\Local\Programs\MiKTeX\tex/latex/graphics\graphicx.st
y
Package: graphicx 2021/09/16 v1.2d Enhanced LaTeX Graphics (DPC,SPQR)

(C:\Users\sudan.wu\AppData\Local\Programs\MiKTeX\tex/latex/graphics\graphics.st
y
Package: graphics 2022/03/10 v1.4e Standard LaTeX Graphics (DPC,SPQR)
 (C:\Users\sudan.wu\AppData\Local\Programs\MiKTeX\tex/latex/graphics\trig.sty
Package: trig 2021/08/11 v1.11 sin cos tan (DPC)
)
(C:\Users\sudan.wu\AppData\Local\Programs\MiKTeX\tex/latex/graphics-cfg\graphic
s.cfg
File: graphics.cfg 2016/06/04 v1.11 sample graphics configuration
)
Package graphics Info: Driver file: pdftex.def on input line 107.

(C:\Users\sudan.wu\AppData\Local\Programs\MiKTeX\tex/latex/graphics-def\pdftex.
def
File: pdftex.def 2022/09/22 v1.2b Graphics/color driver for pdftex
))
\Gin@req@height=\dimen162
\Gin@req@width=\dimen163
)
(C:\Users\sudan.wu\AppData\Local\Programs\MiKTeX\tex/latex/epstopdf-pkg\epstopd
f.sty
Package: epstopdf 2020-01-24 v2.11 Conversion with epstopdf on the fly (HO)

(C:\Users\sudan.wu\AppData\Local\Programs\MiKTeX\tex/generic/infwarerr\infwarer
r.sty
Package: infwarerr 2019/12/03 v1.5 Providing info/warning/error messages (HO)
)
(C:\Users\sudan.wu\AppData\Local\Programs\MiKTeX\tex/latex/grfext\grfext.sty
Package: grfext 2019/12/03 v1.3 Manage graphics extensions (HO)

(C:\Users\sudan.wu\AppData\Local\Programs\MiKTeX\tex/generic/kvdefinekeys\kvdef
inekeys.sty
Package: kvdefinekeys 2019-12-19 v1.6 Define keys (HO)
))
(C:\Users\sudan.wu\AppData\Local\Programs\MiKTeX\tex/latex/kvoptions\kvoptions.
sty
Package: kvoptions 2022-06-15 v3.15 Key value format for package options (HO)

(C:\Users\sudan.wu\AppData\Local\Programs\MiKTeX\tex/generic/ltxcmds\ltxcmds.st
y
Package: ltxcmds 2023-12-04 v1.26 LaTeX kernel commands for general use (HO)
)
(C:\Users\sudan.wu\AppData\Local\Programs\MiKTeX\tex/latex/kvsetkeys\kvsetkeys.
sty
Package: kvsetkeys 2022-10-05 v1.19 Key value parser (HO)
))
(C:\Users\sudan.wu\AppData\Local\Programs\MiKTeX\tex/generic/pdftexcmds\pdftexc
mds.sty
Package: pdftexcmds 2020-06-27 v0.33 Utility functions of pdfTeX for LuaTeX (HO
)
Package pdftexcmds Info: \pdf@primitive is available.
Package pdftexcmds Info: \pdf@ifprimitive is available.
Package pdftexcmds Info: \pdfdraftmode found.
)
(C:\Users\sudan.wu\AppData\Local\Programs\MiKTeX\tex/latex/epstopdf-pkg\epstopd
f-base.sty
Package: epstopdf-base 2020-01-24 v2.11 Base part for package epstopdf
Package epstopdf-base Info: Redefining graphics rule for `.eps' on input line 4
85.
Package grfext Info: Graphics extension search list:
(grfext)             [.pdf,.png,.jpg,.mps,.jpeg,.jbig2,.jb2,.PDF,.PNG,.JPG,.JPE
G,.JBIG2,.JB2,.eps]
(grfext)             \AppendGraphicsExtensions on input line 504.

(C:\Users\sudan.wu\AppData\Local\Programs\MiKTeX\tex/latex/00miktex\epstopdf-sy
s.cfg
File: epstopdf-sys.cfg 2021/03/18 v2.0 Configuration of epstopdf for MiKTeX
)))
(C:\Users\sudan.wu\AppData\Local\Programs\MiKTeX\tex/latex/hyperref\hyperref.st
y
Package: hyperref 2023-11-26 v7.01g Hypertext links for LaTeX

(C:\Users\sudan.wu\AppData\Local\Programs\MiKTeX\tex/generic/pdfescape\pdfescap
e.sty
Package: pdfescape 2019/12/09 v1.15 Implements pdfTeX's escape features (HO)
)
(C:\Users\sudan.wu\AppData\Local\Programs\MiKTeX\tex/latex/hycolor\hycolor.sty
Package: hycolor 2020-01-27 v1.10 Color options for hyperref/bookmark (HO)
)
(C:\Users\sudan.wu\AppData\Local\Programs\MiKTeX\tex/latex/letltxmacro\letltxma
cro.sty
Package: letltxmacro 2019/12/03 v1.6 Let assignment for LaTeX macros (HO)
)
(C:\Users\sudan.wu\AppData\Local\Programs\MiKTeX\tex/latex/auxhook\auxhook.sty
Package: auxhook 2019-12-17 v1.6 Hooks for auxiliary files (HO)
)
(C:\Users\sudan.wu\AppData\Local\Programs\MiKTeX\tex/latex/hyperref\nameref.sty
Package: nameref 2023-11-26 v2.56 Cross-referencing by name of section

(C:\Users\sudan.wu\AppData\Local\Programs\MiKTeX\tex/latex/refcount\refcount.st
y
Package: refcount 2019/12/15 v3.6 Data extraction from label references (HO)
)
(C:\Users\sudan.wu\AppData\Local\Programs\MiKTeX\tex/generic/gettitlestring\get
titlestring.sty
Package: gettitlestring 2019/12/15 v1.6 Cleanup title references (HO)
)
\c@section@level=\count288
)
(C:\Users\sudan.wu\AppData\Local\Programs\MiKTeX\tex/latex/etoolbox\etoolbox.st
y
Package: etoolbox 2020/10/05 v2.5k e-TeX tools for LaTeX (JAW)
\etb@tempcnta=\count289
)
\@linkdim=\dimen164
\Hy@linkcounter=\count290
\Hy@pagecounter=\count291

(C:\Users\sudan.wu\AppData\Local\Programs\MiKTeX\tex/latex/hyperref\pd1enc.def
File: pd1enc.def 2023-11-26 v7.01g Hyperref: PDFDocEncoding definition (HO)
Now handling font encoding PD1 ...
... no UTF-8 mapping file for font encoding PD1
)
(C:\Users\sudan.wu\AppData\Local\Programs\MiKTeX\tex/generic/intcalc\intcalc.st
y
Package: intcalc 2019/12/15 v1.3 Expandable calculations with integers (HO)
)
\Hy@SavedSpaceFactor=\count292

(C:\Users\sudan.wu\AppData\Local\Programs\MiKTeX\tex/latex/hyperref\puenc.def
File: puenc.def 2023-11-26 v7.01g Hyperref: PDF Unicode definition (HO)
Now handling font encoding PU ...
... no UTF-8 mapping file for font encoding PU
)
Package hyperref Info: Option `hyperindex' set `true' on input line 4064.
Package hyperref Info: Hyper figures OFF on input line 4181.
Package hyperref Info: Link nesting OFF on input line 4186.
Package hyperref Info: Hyper index ON on input line 4189.
Package hyperref Info: Plain pages OFF on input line 4196.
Package hyperref Info: Backreferencing ON on input line 4199.
Package hyperref Info: Implicit mode ON; LaTeX internals redefined.
Package hyperref Info: Bookmarks ON on input line 4448.

(C:\Users\sudan.wu\AppData\Local\Programs\MiKTeX\tex/latex/hyperref\backref.sty
Package: backref 2023-11-26 v1.44 Bibliographical back referencing

(C:\Users\sudan.wu\AppData\Local\Programs\MiKTeX\tex/latex/rerunfilecheck\rerun
filecheck.sty
Package: rerunfilecheck 2022-07-10 v1.10 Rerun checks for auxiliary files (HO)

(C:\Users\sudan.wu\AppData\Local\Programs\MiKTeX\tex/latex/base\atveryend-ltx.s
ty
Package: atveryend-ltx 2020/08/19 v1.0a Emulation of the original atveryend pac
kage
with kernel methods
)
(C:\Users\sudan.wu\AppData\Local\Programs\MiKTeX\tex/generic/uniquecounter\uniq
uecounter.sty
Package: uniquecounter 2019/12/15 v1.4 Provide unlimited unique counter (HO)

(C:\Users\sudan.wu\AppData\Local\Programs\MiKTeX\tex/generic/bigintcalc\bigintc
alc.sty
Package: bigintcalc 2019/12/15 v1.5 Expandable calculations on big integers (HO
)
))
Package uniquecounter Info: New unique counter `rerunfilecheck' on input line 2
85.
))
\c@Hy@tempcnt=\count293

(C:\Users\sudan.wu\AppData\Local\Programs\MiKTeX\tex/latex/url\url.sty
\Urlmuskip=\muskip17
Package: url 2013/09/16  ver 3.4  Verb mode for urls, etc.
)
LaTeX Info: Redefining \url on input line 4786.
\XeTeXLinkMargin=\dimen165

(C:\Users\sudan.wu\AppData\Local\Programs\MiKTeX\tex/generic/bitset\bitset.sty
Package: bitset 2019/12/09 v1.3 Handle bit-vector datatype (HO)
)
\Fld@menulength=\count294
\Field@Width=\dimen166
\Fld@charsize=\dimen167
Package hyperref Info: Hyper figures OFF on input line 6065.
Package hyperref Info: Link nesting OFF on input line 6070.
Package hyperref Info: Hyper index ON on input line 6073.
Package hyperref Info: backreferencing ON on input line 6078.
Package hyperref Info: Link coloring OFF on input line 6085.
Package hyperref Info: Link coloring with OCG OFF on input line 6090.
Package hyperref Info: PDF/A mode OFF on input line 6095.

(C:\Users\sudan.wu\AppData\Local\Programs\MiKTeX\tex/latex/base\atbegshi-ltx.st
y
Package: atbegshi-ltx 2021/01/10 v1.0c Emulation of the original atbegshi
package with kernel methods
)
\Hy@abspage=\count295
\c@Item=\count296
\c@Hfootnote=\count297
)
Package hyperref Info: Driver (autodetected): hpdftex.

(C:\Users\sudan.wu\AppData\Local\Programs\MiKTeX\tex/latex/hyperref\hpdftex.def
File: hpdftex.def 2023-11-26 v7.01g Hyperref driver for pdfTeX
\Fld@listcount=\count298
\c@bookmark@seq@number=\count299
\Hy@SectionHShift=\skip57
) (C:\Users\sudan.wu\AppData\Local\Programs\MiKTeX\tex/latex/cite\cite.sty
LaTeX Info: Redefining \cite on input line 302.
LaTeX Info: Redefining \nocite on input line 332.
Package: cite 2015/02/27  v 5.5
)
(C:\Users\sudan.wu\AppData\Local\Programs\MiKTeX\tex/latex/ulem\ulem.sty
\UL@box=\box57
\UL@hyphenbox=\box58
\UL@skip=\skip58
\UL@hook=\toks33
\UL@height=\dimen168
\UL@pe=\count300
\UL@pixel=\dimen169
\ULC@box=\box59
Package: ulem 2019/11/18
\ULdepth=\dimen170
)
(C:\Users\sudan.wu\AppData\Local\Programs\MiKTeX\tex/latex/setspace\setspace.st
y
Package: setspace 2022/12/04 v6.7b set line spacing
)
(C:\Users\sudan.wu\AppData\Local\Programs\MiKTeX\tex/latex/graphics\color.sty
Package: color 2022/01/06 v1.3d Standard LaTeX Color (DPC)

(C:\Users\sudan.wu\AppData\Local\Programs\MiKTeX\tex/latex/graphics-cfg\color.c
fg
File: color.cfg 2016/01/02 v1.6 sample color configuration
)
Package color Info: Driver file: pdftex.def on input line 149.

(C:\Users\sudan.wu\AppData\Local\Programs\MiKTeX\tex/latex/graphics\mathcolor.l
tx))
Package hyperref Info: Option `bookmarksopen' set `true' on input line 141.
Package hyperref Info: Option `pdfmenubar' set `true' on input line 141.
Package hyperref Info: Option `colorlinks' set `true' on input line 141.
Package hyperref Info: Option `pdffitwindow' set `true' on input line 141.

(C:\Users\sudan.wu\AppData\Local\Programs\MiKTeX\tex/latex/graphics\rotating.st
y
Package: rotating 2016/08/11 v2.16d rotated objects in LaTeX
\c@r@tfl@t=\count301
\rotFPtop=\skip59
\rotFPbot=\skip60
\rot@float@box=\box60
\rot@mess@toks=\toks34
)
(C:\Users\sudan.wu\AppData\Local\Programs\MiKTeX\tex/latex/fancyhdr\fancyhdr.st
y
Package: fancyhdr 2024/07/23 v4.3.1 Extensive control of page headers and foote
rs
\f@nch@headwidth=\skip61
\f@nch@O@elh=\skip62
\f@nch@O@erh=\skip63
\f@nch@O@olh=\skip64
\f@nch@O@orh=\skip65
\f@nch@O@elf=\skip66
\f@nch@O@erf=\skip67
\f@nch@O@olf=\skip68
\f@nch@O@orf=\skip69
)
(C:\Users\sudan.wu\AppData\Local\Programs\MiKTeX\tex/latex/colortbl\colortbl.st
y
Package: colortbl 2024/07/06 v1.0i Color table columns (DPC)
 (C:\Users\sudan.wu\AppData\Local\Programs\MiKTeX\tex/latex/tools\array.sty
Package: array 2023/10/16 v2.5g Tabular extension package (FMi)
\col@sep=\dimen171
\ar@mcellbox=\box61
\extrarowheight=\dimen172
\NC@list=\toks35
\extratabsurround=\skip70
\backup@length=\skip71
\ar@cellbox=\box62
)
\everycr=\toks36
\minrowclearance=\skip72
\rownum=\count302
)
(C:\Users\sudan.wu\AppData\Local\Programs\MiKTeX\tex/latex/algorithms\algorithm
.sty
Package: algorithm 2009/08/24 v0.1 Document Style `algorithm' - floating enviro
nment
\@float@every@algorithm=\toks37
\c@algorithm=\count303
)
(C:\Users\sudan.wu\AppData\Local\Programs\MiKTeX\tex/latex/algorithms\algorithm
ic.sty
Package: algorithmic 2009/08/24 v0.1 Document Style `algorithmic'
\c@ALC@unique=\count304
\c@ALC@line=\count305
\c@ALC@rem=\count306
\c@ALC@depth=\count307
\ALC@tlm=\skip73
\algorithmicindent=\skip74
)
(C:\Users\sudan.wu\AppData\Local\Programs\MiKTeX\tex/latex/multirow\multirow.st
y
Package: multirow 2021/03/15 v2.8 Span multiple rows of a table
\multirow@colwidth=\skip75
\multirow@cntb=\count308
\multirow@dima=\skip76
\bigstrutjot=\dimen173
)
(C:\Users\sudan.wu\AppData\Local\Programs\MiKTeX\tex/latex/diagbox\diagbox.sty
Package: diagbox 2020/02/09 v2.3 Making table heads with diagonal lines

(C:\Users\sudan.wu\AppData\Local\Programs\MiKTeX\tex/latex/pict2e\pict2e.sty
Package: pict2e 2020/09/30 v0.4b Improved picture commands (HjG,RN,JT)

(C:\Users\sudan.wu\AppData\Local\Programs\MiKTeX\tex/latex/pict2e\pict2e.cfg
File: pict2e.cfg 2016/02/05 v0.1u pict2e configuration for teTeX/TeXLive
)
Package pict2e Info: Driver file: pdftex.def on input line 112.
Package pict2e Info: Driver file for pict2e: p2e-pdftex.def on input line 114.

(C:\Users\sudan.wu\AppData\Local\Programs\MiKTeX\tex/latex/pict2e\p2e-pdftex.de
f
File: p2e-pdftex.def 2016/02/05 v0.1u Driver-dependant file (RN,HjG,JT)
)
\pIIe@GRAPH=\toks38
\@arclen=\dimen174
\@arcrad=\dimen175
\pIIe@tempdima=\dimen176
\pIIe@tempdimb=\dimen177
\pIIe@tempdimc=\dimen178
\pIIe@tempdimd=\dimen179
\pIIe@tempdime=\dimen180
\pIIe@tempdimf=\dimen181
) (C:\Users\sudan.wu\AppData\Local\Programs\MiKTeX\tex/latex/tools\calc.sty
Package: calc 2023/07/08 v4.3 Infix arithmetic (KKT,FJ)
\calc@Acount=\count309
\calc@Bcount=\count310
\calc@Adimen=\dimen182
\calc@Bdimen=\dimen183
\calc@Askip=\skip77
\calc@Bskip=\skip78
LaTeX Info: Redefining \setlength on input line 80.
LaTeX Info: Redefining \addtolength on input line 81.
\calc@Ccount=\count311
\calc@Cskip=\skip79
)
\diagbox@boxa=\box63
\diagbox@boxb=\box64
\diagbox@boxm=\box65
\diagbox@wd=\dimen184
\diagbox@ht=\dimen185
\diagbox@insepl=\dimen186
\diagbox@insepr=\dimen187
\diagbox@outsepl=\dimen188
\diagbox@outsepr=\dimen189
)
\c@definition=\count312
\c@theorem=\count313
)
(C:\Users\sudan.wu\AppData\Local\Programs\MiKTeX\tex/latex/enumitem\enumitem.st
y
Package: enumitem 2019/06/20 v3.9 Customized lists
\labelindent=\skip80
\enit@outerparindent=\dimen190
\enit@toks=\toks39
\enit@inbox=\box66
\enit@count@id=\count314
\enitdp@description=\count315
)
(C:\Users\sudan.wu\AppData\Local\Programs\MiKTeX\tex/latex/l3backend\l3backend-
pdftex.def
File: l3backend-pdftex.def 2024-01-04 L3 backend support: PDF output (pdfTeX)
\l__color_backend_stack_int=\count316
\l__pdf_internal_box=\box67
) (main.aux

LaTeX Warning: Label `subsec: Introducci√≥' multiply defined.


LaTeX Warning: Label `subsec:Introducci√≥' multiply defined.


LaTeX Warning: Label `sec:Introducci√≥' multiply defined.


LaTeX Warning: Label `subsec: Tecnologies m√©s conegudes' multiply defined.

)
\openout1 = `main.aux'.

LaTeX Font Info:    Checking defaults for OML/cmm/m/it on input line 20.
LaTeX Font Info:    ... okay on input line 20.
LaTeX Font Info:    Checking defaults for OMS/cmsy/m/n on input line 20.
LaTeX Font Info:    ... okay on input line 20.
LaTeX Font Info:    Checking defaults for OT1/cmr/m/n on input line 20.
LaTeX Font Info:    ... okay on input line 20.
LaTeX Font Info:    Checking defaults for T1/cmr/m/n on input line 20.
LaTeX Font Info:    ... okay on input line 20.
LaTeX Font Info:    Checking defaults for TS1/cmr/m/n on input line 20.
LaTeX Font Info:    ... okay on input line 20.
LaTeX Font Info:    Checking defaults for OMX/cmex/m/n on input line 20.
LaTeX Font Info:    ... okay on input line 20.
LaTeX Font Info:    Checking defaults for U/cmr/m/n on input line 20.
LaTeX Font Info:    ... okay on input line 20.
LaTeX Font Info:    Checking defaults for MDA/cmr/m/n on input line 20.
LaTeX Font Info:    Trying to load font information for MDA+cmr on input line 2
0.

(C:\Users\sudan.wu\AppData\Local\Programs\MiKTeX\tex/latex/mathdesign\mdacmr.fd
File: mdacmr.fd 
)
LaTeX Font Info:    ... okay on input line 20.
LaTeX Font Info:    Checking defaults for MDB/cmr/m/n on input line 20.
LaTeX Font Info:    Trying to load font information for MDB+cmr on input line 2
0.

(C:\Users\sudan.wu\AppData\Local\Programs\MiKTeX\tex/latex/mathdesign\mdbcmr.fd
File: mdbcmr.fd 
)
LaTeX Font Info:    ... okay on input line 20.
LaTeX Font Info:    Checking defaults for PD1/pdf/m/n on input line 20.
LaTeX Font Info:    ... okay on input line 20.
LaTeX Font Info:    Checking defaults for PU/pdf/m/n on input line 20.
LaTeX Font Info:    ... okay on input line 20.
LaTeX Info: Redefining \l on input line 20.
LaTeX Info: Redefining \L on input line 20.

*geometry* driver: auto-detecting
*geometry* detected driver: pdftex
*geometry* verbose mode - [ preamble ] result:
* driver: pdftex
* paper: a4paper
* layout: <same size as paper>
* layoutoffset:(h,v)=(0.0pt,0.0pt)
* modes: includehead includefoot twoside 
* h-part:(L,W,R)=(108.405pt, 395.15166pt, 93.95122pt)
* v-part:(T,H,B)=(79.49744pt, 686.05197pt, 79.49744pt)
* \paperwidth=597.50787pt
* \paperheight=845.04684pt
* \textwidth=395.15166pt
* \textheight=622.57817pt
* \oddsidemargin=36.13501pt
* \evensidemargin=21.68123pt
* \topmargin=7.22745pt
* \headheight=13.6pt
* \headsep=19.8738pt
* \topskip=12.0pt
* \footskip=30.0pt
* \marginparwidth=86.72377pt
* \marginparsep=7.0pt
* \columnsep=10.0pt
* \skip\footins=10.8pt plus 4.0pt minus 2.0pt
* \hoffset=0.0pt
* \voffset=0.0pt
* \mag=1000
* \@twocolumnfalse
* \@twosidetrue
* \@mparswitchtrue
* \@reversemarginfalse
* (1in=72.27pt=25.4mm, 1cm=28.453pt)

Package minitoc(hints) Info: I0049
(minitoc(hints))             ==> You requested the hints option. 
(minitoc(hints))             Some hints are eventually given below.
Package minitoc(hints) Info: I0042
(minitoc(hints))             --- The appendix package is loaded. 
(minitoc(hints))             See the minitoc package documentation 
(minitoc(hints))             for specific precautions.
Package minitoc(hints) Info: I0046
(minitoc(hints))             --- The tocbibind package is loaded. 
(minitoc(hints))             See the minitoc package documentation 
(minitoc(hints))             for specific precautions.

Package minitoc(hints) Warning: W0030
(minitoc(hints))                --- The \part command is altered 
(minitoc(hints))                after minitoc.


Package minitoc(hints) Warning: W0023
(minitoc(hints))                --- It may be the consequence 
(minitoc(hints))                of loading the ``hyperref'' package.


Package minitoc(hints) Warning: W0028
(minitoc(hints))                --- The \chapter command is altered 
(minitoc(hints))                after minitoc.


Package minitoc(hints) Warning: W0023
(minitoc(hints))                --- It may be the consequence 
(minitoc(hints))                of loading the ``hyperref'' package.


(C:\Users\sudan.wu\AppData\Local\Programs\MiKTeX\tex/context/base/mkii\supp-pdf
.mkii
[Loading MPS to PDF converter (version 2006.09.02).]
\scratchcounter=\count317
\scratchdimen=\dimen191
\scratchbox=\box68
\nofMPsegments=\count318
\nofMParguments=\count319
\everyMPshowfont=\toks40
\MPscratchCnt=\count320
\MPscratchDim=\dimen192
\MPnumerator=\count321
\makeMPintoPDFobject=\count322
\everyMPtoPDFconversion=\toks41
)
Package hyperref Info: Link coloring ON on input line 20.
 (main.out) (main.out)
\@outlinefile=\write4
\openout4 = `main.out'.

LaTeX Font Info:    Font shape `T1/mdbch/m/n' will be
(Font)              scaled to size 16.58891pt on input line 29.
LaTeX Font Info:    Trying to load font information for OT1+mdbch on input line
 58.

(C:\Users\sudan.wu\AppData\Local\Programs\MiKTeX\tex/latex/mathdesign/mdbch\ot1
mdbch.fd
File: ot1mdbch.fd 2013/08/29 Fontinst v1.933 font definitions for OT1/mdbch.
)
LaTeX Font Info:    Font shape `OT1/mdbch/m/n' will be
(Font)              scaled to size 16.58891pt on input line 58.
LaTeX Font Info:    Font shape `OT1/mdbch/m/n' will be
(Font)              scaled to size 11.52008pt on input line 58.
LaTeX Font Info:    Font shape `OT1/mdbch/m/n' will be
(Font)              scaled to size 9.60007pt on input line 58.
LaTeX Font Info:    Trying to load font information for OML+mdbch on input line
 58.

(C:\Users\sudan.wu\AppData\Local\Programs\MiKTeX\tex/latex/mathdesign/mdbch\oml
mdbch.fd
File: omlmdbch.fd 2013/08/29 Fontinst v1.933 font definitions for OML/mdbch.
)
LaTeX Font Info:    Font shape `OML/mdbch/m/it' will be
(Font)              scaled to size 16.58891pt on input line 58.
LaTeX Font Info:    Font shape `OML/mdbch/m/it' will be
(Font)              scaled to size 11.52008pt on input line 58.
LaTeX Font Info:    Font shape `OML/mdbch/m/it' will be
(Font)              scaled to size 9.60007pt on input line 58.
LaTeX Font Info:    Trying to load font information for OMS+mdbch on input line
 58.

(C:\Users\sudan.wu\AppData\Local\Programs\MiKTeX\tex/latex/mathdesign/mdbch\oms
mdbch.fd
File: omsmdbch.fd 2013/08/29 Fontinst v1.933 font definitions for OMS/mdbch.
)
LaTeX Font Info:    Font shape `OMS/mdbch/m/n' will be
(Font)              scaled to size 16.58891pt on input line 58.
LaTeX Font Info:    Font shape `OMS/mdbch/m/n' will be
(Font)              scaled to size 11.52008pt on input line 58.
LaTeX Font Info:    Font shape `OMS/mdbch/m/n' will be
(Font)              scaled to size 9.60007pt on input line 58.
LaTeX Font Info:    Trying to load font information for OMX+mdbch on input line
 58.

(C:\Users\sudan.wu\AppData\Local\Programs\MiKTeX\tex/latex/mathdesign/mdbch\omx
mdbch.fd
File: omxmdbch.fd 2013/08/29 Fontinst v1.933 font definitions for OMX/mdbch.
)
LaTeX Font Info:    Font shape `OMX/mdbch/m/n' will be
(Font)              scaled to size 16.58891pt on input line 58.
LaTeX Font Info:    Font shape `OMX/mdbch/m/n' will be
(Font)              scaled to size 11.52008pt on input line 58.
LaTeX Font Info:    Font shape `OMX/mdbch/m/n' will be
(Font)              scaled to size 9.60007pt on input line 58.
LaTeX Font Info:    Font shape `OML/mdbch/m/n' will be
(Font)              scaled to size 16.58891pt on input line 58.
LaTeX Font Info:    Font shape `OML/mdbch/m/n' will be
(Font)              scaled to size 11.52008pt on input line 58.
LaTeX Font Info:    Font shape `OML/mdbch/m/n' will be
(Font)              scaled to size 9.60007pt on input line 58.
LaTeX Font Info:    Trying to load font information for MDA+mdbch on input line
 58.

(C:\Users\sudan.wu\AppData\Local\Programs\MiKTeX\tex/latex/mathdesign/mdbch\mda
mdbch.fd
File: mdamdbch.fd 2013/08/29 Fontinst v1.933 font definitions for MDA/mdbch.
)
LaTeX Font Info:    Font shape `MDA/mdbch/m/n' will be
(Font)              scaled to size 16.58891pt on input line 58.
LaTeX Font Info:    Font shape `MDA/mdbch/m/n' will be
(Font)              scaled to size 11.52008pt on input line 58.
LaTeX Font Info:    Font shape `MDA/mdbch/m/n' will be
(Font)              scaled to size 9.60007pt on input line 58.
LaTeX Font Info:    Trying to load font information for MDB+mdbch on input line
 58.

(C:\Users\sudan.wu\AppData\Local\Programs\MiKTeX\tex/latex/mathdesign/mdbch\mdb
mdbch.fd
File: mdbmdbch.fd 2013/08/29 Fontinst v1.933 font definitions for MDB/mdbch.
)
LaTeX Font Info:    Font shape `MDB/mdbch/m/n' will be
(Font)              scaled to size 16.58891pt on input line 58.
LaTeX Font Info:    Font shape `MDB/mdbch/m/n' will be
(Font)              scaled to size 11.52008pt on input line 58.
LaTeX Font Info:    Font shape `MDB/mdbch/m/n' will be
(Font)              scaled to size 9.60007pt on input line 58.
<imatges/logo_eps.png, id=271, 161.85469pt x 45.16875pt>
File: imatges/logo_eps.png Graphic file (type png)
<use imatges/logo_eps.png>
Package pdftex.def Info: imatges/logo_eps.png  used on input line 58.
(pdftex.def)             Requested size: 145.66786pt x 40.65147pt.
 [1


{C:/Users/sudan.wu/AppData/Local/MiKTeX/fonts/map/pdftex/pdftex.map}{C:/Users/s
udan.wu/AppData/Local/Programs/MiKTeX/fonts/enc/dvips/ly1/texnansi.enc} <./imat
ges/logo_eps.png>]
pdfTeX warning (ext4): destination with the same identifier (name{page.}) has b
een already used, duplicate ignored
<to be read again> 
                   \relax 
l.64 \begin{titlepage}
                       [2

]
File: imatges/logo_eps.png Graphic file (type png)
<use imatges/logo_eps.png>
Package pdftex.def Info: imatges/logo_eps.png  used on input line 67.
(pdftex.def)             Requested size: 145.66786pt x 40.65147pt.

Underfull \hbox (badness 10000) in paragraph at lines 67--68

 []

LaTeX Font Info:    Font shape `T1/mdbch/m/fsc' will be
(Font)              scaled to size 11.52008pt on input line 69.
LaTeX Font Info:    Font shape `T1/mdbch/m/fsc' will be
(Font)              scaled to size 16.58891pt on input line 69.
LaTeX Font Info:    Font shape `T1/mdbch/m/n' will be
(Font)              scaled to size 23.88496pt on input line 73.
LaTeX Font Info:    Font shape `T1/mdbch/b/n' will be
(Font)              scaled to size 11.52008pt on input line 74.
LaTeX Font Info:    Font shape `T1/mdbch/b/n' will be
(Font)              scaled to size 23.88496pt on input line 74.
LaTeX Font Info:    Font shape `T1/mdbch/m/n' will be
(Font)              scaled to size 13.82408pt on input line 80.
LaTeX Font Info:    Font shape `T1/mdbch/m/it' will be
(Font)              scaled to size 13.82408pt on input line 81.
LaTeX Font Info:    Font shape `T1/mdbch/m/fsc' will be
(Font)              scaled to size 13.82408pt on input line 82.

pdfTeX warning (ext4): destination with the same identifier (name{page.}) has b
een already used, duplicate ignored
<to be read again> 
                   \relax 
l.90 \end{titlepage}
                     [1]
pdfTeX warning (ext4): destination with the same identifier (name{page.}) has b
een already used, duplicate ignored
<to be read again> 
                   \relax 
l.92 \titlepage
                [2

]
Package minitoc Info: I0024
(minitoc)             PREPARING MINITOCS FROM main.toc on input line 95.
Package minitoc Info: I0033
(minitoc)             Writing main.mtc1.
\openout3 = `main.mtc1'.

Package minitoc Info: I0033
(minitoc)             Writing main.mtc2.
\openout3 = `main.mtc2'.

Package minitoc Info: I0033
(minitoc)             Writing main.mtc3.
\openout3 = `main.mtc3'.

Package minitoc Info: I0033
(minitoc)             Writing main.mtc4.
\openout3 = `main.mtc4'.

Package minitoc Info: I0033
(minitoc)             Writing main.mtc5.
\openout3 = `main.mtc5'.

Package minitoc Info: I0033
(minitoc)             Writing main.mtc6.
\openout3 = `main.mtc6'.

Package minitoc Info: I0033
(minitoc)             Writing main.mtc7.
\openout3 = `main.mtc7'.

Package minitoc Info: I0033
(minitoc)             Writing main.mtc8.
\openout3 = `main.mtc8'.

Package minitoc Info: I0033
(minitoc)             Writing main.mtc9.
\openout3 = `main.mtc9'.

Package minitoc Info: I0033
(minitoc)             Writing main.mtc10.
\openout3 = `main.mtc10'.

Package minitoc Info: I0033
(minitoc)             Writing main.mtc11.
\openout3 = `main.mtc11'.

Package minitoc Info: I0033
(minitoc)             Writing main.mtc12.
\openout3 = `main.mtc12'.

Package minitoc Info: I0033
(minitoc)             Writing main.mtc13.
\openout3 = `main.mtc13'.

Package minitoc Info: I0033
(minitoc)             Writing main.mtc14.
\openout3 = `main.mtc14'.

Package minitoc Info: I0033
(minitoc)             Writing main.mtc15.
\openout3 = `main.mtc15'.


Underfull \hbox (badness 10000) in paragraph at lines 102--103

 []


Underfull \hbox (badness 10000) in paragraph at lines 104--105

 []

[1

] [2

]
Underfull \hbox (badness 10000) in paragraph at lines 115--116

 []


Underfull \hbox (badness 10000) in paragraph at lines 117--118

 []


Underfull \hbox (badness 10000) in paragraph at lines 119--120

 []


Overfull \hbox (1.72623pt too wide) in paragraph at lines 121--122
[]\T1/mdbch/m/n/12 Finalment, vull re-co-nËi-xer l'es-forÁ i de-di-ca-ciÛ de to
ts els pro-fes-sors que []
 []


Underfull \hbox (badness 10000) in paragraph at lines 121--122

 []

[3] [4

] (main.toc
LaTeX Font Info:    Font shape `OT1/mdbch/m/n' will be
(Font)              scaled to size 7.68005pt on input line 3.
LaTeX Font Info:    Font shape `OT1/mdbch/m/n' will be
(Font)              scaled to size 5.76004pt on input line 3.
LaTeX Font Info:    Font shape `OML/mdbch/m/it' will be
(Font)              scaled to size 7.68005pt on input line 3.
LaTeX Font Info:    Font shape `OML/mdbch/m/it' will be
(Font)              scaled to size 5.76004pt on input line 3.
LaTeX Font Info:    Font shape `OMS/mdbch/m/n' will be
(Font)              scaled to size 7.68005pt on input line 3.
LaTeX Font Info:    Font shape `OMS/mdbch/m/n' will be
(Font)              scaled to size 5.76004pt on input line 3.
LaTeX Font Info:    Font shape `OMX/mdbch/m/n' will be
(Font)              scaled to size 7.68005pt on input line 3.
LaTeX Font Info:    Font shape `OMX/mdbch/m/n' will be
(Font)              scaled to size 5.76004pt on input line 3.
LaTeX Font Info:    Font shape `OML/mdbch/m/n' will be
(Font)              scaled to size 7.68005pt on input line 3.
LaTeX Font Info:    Font shape `OML/mdbch/m/n' will be
(Font)              scaled to size 5.76004pt on input line 3.
LaTeX Font Info:    Font shape `MDA/mdbch/m/n' will be
(Font)              scaled to size 7.68005pt on input line 3.
LaTeX Font Info:    Font shape `MDA/mdbch/m/n' will be
(Font)              scaled to size 5.76004pt on input line 3.
LaTeX Font Info:    Font shape `MDB/mdbch/m/n' will be
(Font)              scaled to size 7.68005pt on input line 3.
LaTeX Font Info:    Font shape `MDB/mdbch/m/n' will be
(Font)              scaled to size 5.76004pt on input line 3.
 [5]

Package fancyhdr Warning: \headheight is too small (13.6pt): 
(fancyhdr)                Make it at least 15.10402pt, for example:
(fancyhdr)                \setlength{\headheight}{15.10402pt}.
(fancyhdr)                You might also make \topmargin smaller to compensate:

(fancyhdr)                \addtolength{\topmargin}{-1.50401pt}.

[6])
\tf@toc=\write5
\openout5 = `main.toc'.



Package fancyhdr Warning: \headheight is too small (13.6pt): 
(fancyhdr)                Make it at least 15.10402pt, for example:
(fancyhdr)                \setlength{\headheight}{15.10402pt}.
(fancyhdr)                You might also make \topmargin smaller to compensate:

(fancyhdr)                \addtolength{\topmargin}{-1.50401pt}.

[7] [8

] (main.lof
LaTeX Font Info:    Font shape `T1/mdbch/m/it' will be
(Font)              scaled to size 11.52008pt on input line 30.
)
\tf@lof=\write6
\openout6 = `main.lof'.

 [9] [10

] (main.lot)
\tf@lot=\write7
\openout7 = `main.lot'.

 [11] [12

]
Cap\'{\i }tol 1.
LaTeX Font Info:    Font shape `T1/mdbch/b/n' will be
(Font)              scaled to size 16.58891pt on input line 144.

Underfull \hbox (badness 10000) in paragraph at lines 147--148

 []


Underfull \hbox (badness 10000) in paragraph at lines 149--150

 []

[1

]
LaTeX Font Info:    Trying to load font information for TS1+mdbch on input line
 159.

(C:\Users\sudan.wu\AppData\Local\Programs\MiKTeX\tex/latex/mathdesign/mdbch\ts1
mdbch.fd
File: ts1mdbch.fd 2013/08/29 Fontinst v1.933 font definitions for TS1/mdbch.
)
LaTeX Font Info:    Font shape `TS1/mdbch/m/n' will be
(Font)              scaled to size 11.52008pt on input line 159.


Package fancyhdr Warning: \headheight is too small (13.6pt): 
(fancyhdr)                Make it at least 14.49998pt, for example:
(fancyhdr)                \setlength{\headheight}{14.49998pt}.
(fancyhdr)                You might also make \topmargin smaller to compensate:

(fancyhdr)                \addtolength{\topmargin}{-0.89998pt}.

[2]
Cap\'{\i }tol 2.

Underfull \hbox (badness 10000) in paragraph at lines 174--176

 []


Underfull \hbox (badness 10000) in paragraph at lines 182--183

 []

[3

]
Underfull \hbox (badness 10000) in paragraph at lines 191--192

 []

LaTeX Font Info:    Faking \texteuro for font family mdbch
(Font)              in TS1 encoding on input line 193.
LaTeX Font Info:    Font shape `T1/mdbch/m/n' will be
(Font)              scaled to size 8.06401pt on input line 193.
LaTeX Font Info:    Faking \texteuro for font family mdbch
(Font)              in TS1 encoding on input line 199.
LaTeX Font Info:    Font shape `T1/mdbch/b/n' will be
(Font)              scaled to size 8.06401pt on input line 199.
LaTeX Font Info:    Faking \texteuro for font family mdbch
(Font)              in TS1 encoding on input line 200.
LaTeX Font Info:    Faking \texteuro for font family mdbch
(Font)              in TS1 encoding on input line 201.
LaTeX Font Info:    Faking \texteuro for font family mdbch
(Font)              in TS1 encoding on input line 202.
LaTeX Font Info:    Faking \texteuro for font family mdbch
(Font)              in TS1 encoding on input line 203.
LaTeX Font Info:    Faking \texteuro for font family mdbch
(Font)              in TS1 encoding on input line 204.
LaTeX Font Info:    Faking \texteuro for font family mdbch
(Font)              in TS1 encoding on input line 205.
LaTeX Font Info:    Faking \texteuro for font family mdbch
(Font)              in TS1 encoding on input line 206.
LaTeX Font Info:    Faking \texteuro for font family mdbch
(Font)              in TS1 encoding on input line 213.

Underfull \hbox (badness 10000) in paragraph at lines 213--214

 []


Overfull \hbox (16.19109pt too wide) in paragraph at lines 216--217
\T1/mdbch/m/n/12 quant cos-ta-ria. B‡-si-ca-ment, ho-res de desen-vo-lu-pa-ment
 mul-ti-pli-ca-des pel preu/hora
 []


Underfull \hbox (badness 10000) in paragraph at lines 216--217

 []

<imatges/mongodb.png, id=477, 599.74063pt x 334.24875pt>
File: imatges/mongodb.png Graphic file (type png)
<use imatges/mongodb.png>
Package pdftex.def Info: imatges/mongodb.png  used on input line 223.
(pdftex.def)             Requested size: 316.12253pt x 176.18704pt.

LaTeX Warning: `!h' float specifier changed to `!ht'.


Underfull \hbox (badness 10000) in paragraph at lines 232--233

 []


Package fancyhdr Warning: \headheight is too small (13.6pt): 
(fancyhdr)                Make it at least 14.49998pt, for example:
(fancyhdr)                \setlength{\headheight}{14.49998pt}.
(fancyhdr)                You might also make \topmargin smaller to compensate:

(fancyhdr)                \addtolength{\topmargin}{-0.89998pt}.

[4]
LaTeX Font Info:    Faking \texteuro for font family mdbch
(Font)              in TS1 encoding on input line 234.
LaTeX Font Info:    Faking \texteuro for font family mdbch
(Font)              in TS1 encoding on input line 234.
LaTeX Font Info:    Faking \texteuro for font family mdbch
(Font)              in TS1 encoding on input line 234.

Underfull \hbox (badness 10000) in paragraph at lines 234--235

 []

LaTeX Font Info:    Faking \texteuro for font family mdbch
(Font)              in TS1 encoding on input line 236.
LaTeX Font Info:    Faking \texteuro for font family mdbch
(Font)              in TS1 encoding on input line 236.
LaTeX Font Info:    Faking \texteuro for font family mdbch
(Font)              in TS1 encoding on input line 236.

Underfull \hbox (badness 10000) in paragraph at lines 236--237

 []

LaTeX Font Info:    Faking \texteuro for font family mdbch
(Font)              in TS1 encoding on input line 238.

Underfull \hbox (badness 10000) in paragraph at lines 238--239

 []


Underfull \hbox (badness 10000) in paragraph at lines 250--251

 []


Underfull \vbox (badness 3049) has occurred while \output is active []



Package fancyhdr Warning: \headheight is too small (13.6pt): 
(fancyhdr)                Make it at least 14.49998pt, for example:
(fancyhdr)                \setlength{\headheight}{14.49998pt}.
(fancyhdr)                You might also make \topmargin smaller to compensate:

(fancyhdr)                \addtolength{\topmargin}{-0.89998pt}.

[5 <./imatges/mongodb.png>]
<imatges/paypal.png, id=493, 160.09813pt x 236.38312pt>
File: imatges/paypal.png Graphic file (type png)
<use imatges/paypal.png>
Package pdftex.def Info: imatges/paypal.png  used on input line 260.
(pdftex.def)             Requested size: 118.54669pt x 175.03618pt.


Package fancyhdr Warning: \headheight is too small (13.6pt): 
(fancyhdr)                Make it at least 14.49998pt, for example:
(fancyhdr)                \setlength{\headheight}{14.49998pt}.
(fancyhdr)                You might also make \topmargin smaller to compensate:

(fancyhdr)                \addtolength{\topmargin}{-0.89998pt}.

[6 <./imatges/paypal.png>]
Cap\'{\i }tol 3.

Underfull \hbox (badness 10000) in paragraph at lines 274--275

 []


Underfull \hbox (badness 10000) in paragraph at lines 289--290

 []

[7

]
Underfull \hbox (badness 10000) in paragraph at lines 292--293

 []


Underfull \hbox (badness 10000) in paragraph at lines 294--295

 []

<imatges/scrum.png, id=504, 533.49312pt x 229.35687pt>
File: imatges/scrum.png Graphic file (type png)
<use imatges/scrum.png>
Package pdftex.def Info: imatges/scrum.png  used on input line 299.
(pdftex.def)             Requested size: 316.12253pt x 135.91083pt.

Underfull \hbox (badness 10000) in paragraph at lines 306--307

 []


Package fancyhdr Warning: \headheight is too small (13.6pt): 
(fancyhdr)                Make it at least 14.49998pt, for example:
(fancyhdr)                \setlength{\headheight}{14.49998pt}.
(fancyhdr)                You might also make \topmargin smaller to compensate:

(fancyhdr)                \addtolength{\topmargin}{-0.89998pt}.

[8 <./imatges/scrum.png>]
Overfull \hbox (6.30789pt too wide) in paragraph at lines 328--329
\T1/mdbch/m/n/12 seny, desen-vo-lu-pa-ment...). Tam-bÈ po-dri-es fer-ho en una 
sub-sec-ciÛ, si vols.[][]corregit[] 
 []


Package fancyhdr Warning: \headheight is too small (13.6pt): 
(fancyhdr)                Make it at least 14.49998pt, for example:
(fancyhdr)                \setlength{\headheight}{14.49998pt}.
(fancyhdr)                You might also make \topmargin smaller to compensate:

(fancyhdr)                \addtolength{\topmargin}{-0.89998pt}.

[9] [10

]
Cap\'{\i }tol 4.
[11]
<imatges/gantt.png, id=529, 510.90875pt x 150.5625pt>
File: imatges/gantt.png Graphic file (type png)
<use imatges/gantt.png>
Package pdftex.def Info: imatges/gantt.png  used on input line 397.
(pdftex.def)             Requested size: 395.15166pt x 116.44809pt.


Package fancyhdr Warning: \headheight is too small (13.6pt): 
(fancyhdr)                Make it at least 14.49998pt, for example:
(fancyhdr)                \setlength{\headheight}{14.49998pt}.
(fancyhdr)                You might also make \topmargin smaller to compensate:

(fancyhdr)                \addtolength{\topmargin}{-0.89998pt}.

[12 <./imatges/gantt.png>]
Cap\'{\i }tol 5.
LaTeX Font Info:    Font shape `T1/mdbch/b/n' will be
(Font)              scaled to size 13.82408pt on input line 417.

Underfull \hbox (badness 10000) in paragraph at lines 422--423

 []


Underfull \hbox (badness 10000) in paragraph at lines 424--425

 []

[13

]
Underfull \hbox (badness 10000) in paragraph at lines 452--453

 []


Package fancyhdr Warning: \headheight is too small (13.6pt): 
(fancyhdr)                Make it at least 14.49998pt, for example:
(fancyhdr)                \setlength{\headheight}{14.49998pt}.
(fancyhdr)                You might also make \topmargin smaller to compensate:

(fancyhdr)                \addtolength{\topmargin}{-0.89998pt}.

[14]
<imatges/qr2.png, id=547, 155.58125pt x 152.57pt>
File: imatges/qr2.png Graphic file (type png)
<use imatges/qr2.png>
Package pdftex.def Info: imatges/qr2.png  used on input line 458.
(pdftex.def)             Requested size: 118.54669pt x 116.25238pt.

Underfull \hbox (badness 10000) in paragraph at lines 463--464

 []


Package fancyhdr Warning: \headheight is too small (13.6pt): 
(fancyhdr)                Make it at least 14.49998pt, for example:
(fancyhdr)                \setlength{\headheight}{14.49998pt}.
(fancyhdr)                You might also make \topmargin smaller to compensate:

(fancyhdr)                \addtolength{\topmargin}{-0.89998pt}.

[15 <./imatges/qr2.png>] [16

]
Cap\'{\i }tol 6.

Underfull \hbox (badness 10000) in paragraph at lines 475--476

 []


Underfull \hbox (badness 10000) in paragraph at lines 477--478

 []


Underfull \hbox (badness 10000) in paragraph at lines 498--499

 []

[17]

Package fancyhdr Warning: \headheight is too small (13.6pt): 
(fancyhdr)                Make it at least 14.49998pt, for example:
(fancyhdr)                \setlength{\headheight}{14.49998pt}.
(fancyhdr)                You might also make \topmargin smaller to compensate:

(fancyhdr)                \addtolength{\topmargin}{-0.89998pt}.

[18]
Underfull \hbox (badness 10000) in paragraph at lines 568--569

 []


Package fancyhdr Warning: \headheight is too small (13.6pt): 
(fancyhdr)                Make it at least 14.49998pt, for example:
(fancyhdr)                \setlength{\headheight}{14.49998pt}.
(fancyhdr)                You might also make \topmargin smaller to compensate:

(fancyhdr)                \addtolength{\topmargin}{-0.89998pt}.

[19]
<imatges/taula dependencies.png, id=572, 463.7325pt x 381.425pt>
File: imatges/taula dependencies.png Graphic file (type png)
<use imatges/taula dependencies.png>
Package pdftex.def Info: imatges/taula dependencies.png  used on input line 585
.
(pdftex.def)             Requested size: 355.63408pt x 292.51668pt.


LaTeX Warning: `h' float specifier changed to `ht'.


Package fancyhdr Warning: \headheight is too small (13.6pt): 
(fancyhdr)                Make it at least 14.49998pt, for example:
(fancyhdr)                \setlength{\headheight}{14.49998pt}.
(fancyhdr)                You might also make \topmargin smaller to compensate:

(fancyhdr)                \addtolength{\topmargin}{-0.89998pt}.

[20]

Package fancyhdr Warning: \headheight is too small (13.6pt): 
(fancyhdr)                Make it at least 14.49998pt, for example:
(fancyhdr)                \setlength{\headheight}{14.49998pt}.
(fancyhdr)                You might also make \topmargin smaller to compensate:

(fancyhdr)                \addtolength{\topmargin}{-0.89998pt}.

[21 <./imatges/taula dependencies.png>] [22

]
Cap\'{\i }tol 7.

Underfull \hbox (badness 10000) in paragraph at lines 624--625

 []

[23]

Package fancyhdr Warning: \headheight is too small (13.6pt): 
(fancyhdr)                Make it at least 14.49998pt, for example:
(fancyhdr)                \setlength{\headheight}{14.49998pt}.
(fancyhdr)                You might also make \topmargin smaller to compensate:

(fancyhdr)                \addtolength{\topmargin}{-0.89998pt}.

[24]

Package fancyhdr Warning: \headheight is too small (13.6pt): 
(fancyhdr)                Make it at least 14.49998pt, for example:
(fancyhdr)                \setlength{\headheight}{14.49998pt}.
(fancyhdr)                You might also make \topmargin smaller to compensate:

(fancyhdr)                \addtolength{\topmargin}{-0.89998pt}.

[25]
Underfull \hbox (badness 10000) in paragraph at lines 684--685

 []


Underfull \vbox (badness 2990) has occurred while \output is active []



Package fancyhdr Warning: \headheight is too small (13.6pt): 
(fancyhdr)                Make it at least 14.49998pt, for example:
(fancyhdr)                \setlength{\headheight}{14.49998pt}.
(fancyhdr)                You might also make \topmargin smaller to compensate:

(fancyhdr)                \addtolength{\topmargin}{-0.89998pt}.

[26]
LaTeX Font Info:    Font shape `T1/mdbch/m/n' will be
(Font)              scaled to size 14.97614pt on input line 707.

Overfull \hbox (1.48264pt too wide) in paragraph at lines 713--715
\T1/mdbch/m/n/12 desen-vo-lu-pa-ment web en Ruby que uti-lit-za el pa-trÛ Model
-View-Controller
 []


Overfull \hbox (5.50842pt too wide) in paragraph at lines 717--718
[]\T1/mdbch/b/n/12 Desenvolupament R‡-pid: \T1/mdbch/m/n/12 Fa-ci-li-ta el dese
n-vo-lu-pa-ment r‡-pid gr‡-
 []


Package fancyhdr Warning: \headheight is too small (13.6pt): 
(fancyhdr)                Make it at least 14.49998pt, for example:
(fancyhdr)                \setlength{\headheight}{14.49998pt}.
(fancyhdr)                You might also make \topmargin smaller to compensate:

(fancyhdr)                \addtolength{\topmargin}{-0.89998pt}.

[27]
Overfull \hbox (0.78204pt too wide) in paragraph at lines 739--740
\T1/mdbch/m/n/12 i An-gu-lar/React per a desen-vo-lu-pa-ments full-stack (cone-
gut com
 []


Underfull \hbox (badness 10000) in paragraph at lines 762--763

 []


Package fancyhdr Warning: \headheight is too small (13.6pt): 
(fancyhdr)                Make it at least 14.49998pt, for example:
(fancyhdr)                \setlength{\headheight}{14.49998pt}.
(fancyhdr)                You might also make \topmargin smaller to compensate:

(fancyhdr)                \addtolength{\topmargin}{-0.89998pt}.

[28]
Underfull \hbox (badness 10000) in paragraph at lines 764--765

 []


Underfull \hbox (badness 10000) in paragraph at lines 766--767

 []


Underfull \hbox (badness 10000) in paragraph at lines 768--769

 []


Underfull \hbox (badness 10000) in paragraph at lines 770--771

 []


Package fancyhdr Warning: \headheight is too small (13.6pt): 
(fancyhdr)                Make it at least 14.49998pt, for example:
(fancyhdr)                \setlength{\headheight}{14.49998pt}.
(fancyhdr)                You might also make \topmargin smaller to compensate:

(fancyhdr)                \addtolength{\topmargin}{-0.89998pt}.

[29]
Underfull \hbox (badness 10000) in paragraph at lines 794--795

 []


Underfull \hbox (badness 10000) in paragraph at lines 804--805

 []


Underfull \vbox (badness 1038) has occurred while \output is active []



Package fancyhdr Warning: \headheight is too small (13.6pt): 
(fancyhdr)                Make it at least 14.49998pt, for example:
(fancyhdr)                \setlength{\headheight}{14.49998pt}.
(fancyhdr)                You might also make \topmargin smaller to compensate:

(fancyhdr)                \addtolength{\topmargin}{-0.89998pt}.

[30]
Underfull \hbox (badness 10000) in paragraph at lines 806--807

 []


Package fancyhdr Warning: \headheight is too small (13.6pt): 
(fancyhdr)                Make it at least 14.49998pt, for example:
(fancyhdr)                \setlength{\headheight}{14.49998pt}.
(fancyhdr)                You might also make \topmargin smaller to compensate:

(fancyhdr)                \addtolength{\topmargin}{-0.89998pt}.

[31] [32

]
Cap\'{\i }tol 8.
<imatges/diagrama caso de uso client.png, id=628, 1085.05376pt x 854.19125pt>
File: imatges/diagrama caso de uso client.png Graphic file (type png)
<use imatges/diagrama caso de uso client.png>
Package pdftex.def Info: imatges/diagrama caso de uso client.png  used on input
 line 826.
(pdftex.def)             Requested size: 395.15166pt x 311.07991pt.
LaTeX Font Info:    Font shape `T1/cmtt/m/n' will be
(Font)              scaled to size 12.86407pt on input line 827.
[33 <./imatges/diagrama caso de uso client.png>]
Underfull \hbox (badness 10000) in paragraph at lines 835--836

 []


Underfull \hbox (badness 10000) in paragraph at lines 837--838

 []


Underfull \hbox (badness 10000) in paragraph at lines 839--840

 []


Package fancyhdr Warning: \headheight is too small (13.6pt): 
(fancyhdr)                Make it at least 14.49998pt, for example:
(fancyhdr)                \setlength{\headheight}{14.49998pt}.
(fancyhdr)                You might also make \topmargin smaller to compensate:

(fancyhdr)                \addtolength{\topmargin}{-0.89998pt}.

[34]
<imatges/diagrama caso de uso admin.png, id=641, 1054.94125pt x 824.07875pt>
File: imatges/diagrama caso de uso admin.png Graphic file (type png)
<use imatges/diagrama caso de uso admin.png>
Package pdftex.def Info: imatges/diagrama caso de uso admin.png  used on input 
line 846.
(pdftex.def)             Requested size: 355.63408pt x 277.8065pt.

Underfull \hbox (badness 10000) in paragraph at lines 854--855

 []

<imatges/logs.png, id=642, 322.20375pt x 251.94125pt>
File: imatges/logs.png Graphic file (type png)
<use imatges/logs.png>
Package pdftex.def Info: imatges/logs.png  used on input line 863.
(pdftex.def)             Requested size: 237.0934pt x 185.39948pt.

Package fancyhdr Warning: \headheight is too small (13.6pt): 
(fancyhdr)                Make it at least 14.49998pt, for example:
(fancyhdr)                \setlength{\headheight}{14.49998pt}.
(fancyhdr)                You might also make \topmargin smaller to compensate:

(fancyhdr)                \addtolength{\topmargin}{-0.89998pt}.

[35

 <./imatges/diagrama caso de uso admin.png>]
<imatges/diagrama base dades.png, id=648, 834.11626pt x 804.00375pt>
File: imatges/diagrama base dades.png Graphic file (type png)
<use imatges/diagrama base dades.png>
Package pdftex.def Info: imatges/diagrama base dades.png  used on input line 88
2.
(pdftex.def)             Requested size: 395.15166pt x 380.8875pt.


LaTeX Warning: `h' float specifier changed to `ht'.


Underfull \hbox (badness 10000) in paragraph at lines 895--896

 []


Package fancyhdr Warning: \headheight is too small (13.6pt): 
(fancyhdr)                Make it at least 14.49998pt, for example:
(fancyhdr)                \setlength{\headheight}{14.49998pt}.
(fancyhdr)                You might also make \topmargin smaller to compensate:

(fancyhdr)                \addtolength{\topmargin}{-0.89998pt}.

[36 <./imatges/logs.png>]

Package fancyhdr Warning: \headheight is too small (13.6pt): 
(fancyhdr)                Make it at least 14.49998pt, for example:
(fancyhdr)                \setlength{\headheight}{14.49998pt}.
(fancyhdr)                You might also make \topmargin smaller to compensate:

(fancyhdr)                \addtolength{\topmargin}{-0.89998pt}.

[37 <./imatges/diagrama base dades.png>]
Overfull \hbox (4.4454pt too wide) in paragraph at lines 906--907
[]\T1/mdbch/b/n/12 accounts \T1/mdbch/m/n/12 (Ac-count List) [DE-FAULT: []]: Em
-ma-gat-ze-ma tots els ID de comp-
 []


Underfull \hbox (badness 10000) in paragraph at lines 915--916

 []


Underfull \hbox (badness 10000) in paragraph at lines 917--918

 []


Overfull \hbox (11.04333pt too wide) in paragraph at lines 925--926
[]\T1/mdbch/b/n/12 account_number \T1/mdbch/m/n/12 (String) [NOT NULL]: Em-ma-g
at-ze-ma el n˙-me-ro de comp-
 []


Package fancyhdr Warning: \headheight is too small (13.6pt): 
(fancyhdr)                Make it at least 14.49998pt, for example:
(fancyhdr)                \setlength{\headheight}{14.49998pt}.
(fancyhdr)                You might also make \topmargin smaller to compensate:

(fancyhdr)                \addtolength{\topmargin}{-0.89998pt}.

[38]
Overfull \hbox (2.6592pt too wide) in paragraph at lines 940--941
\T1/mdbch/m/n/12 L'entitat \T1/mdbch/b/n/12 Dic-ti-o-nary \T1/mdbch/m/n/12 em-m
a-gat-ze-ma in-for-ma-ciÛ com-ple-men-t‡-ria re-la-ci-o-na-da amb
 []


Underfull \hbox (badness 10000) in paragraph at lines 940--941

 []

<imatges/dictionary.png, id=663, 643.40375pt x 332.24126pt>
File: imatges/dictionary.png Graphic file (type png)
<use imatges/dictionary.png>
Package pdftex.def Info: imatges/dictionary.png  used on input line 945.
(pdftex.def)             Requested size: 276.60495pt x 142.8356pt.

Overfull \hbox (11.04333pt too wide) in paragraph at lines 956--957
[]\T1/mdbch/b/n/12 account_number \T1/mdbch/m/n/12 (String) [NOT NULL]: Em-ma-g
at-ze-ma el n˙-me-ro de comp-
 []


Package fancyhdr Warning: \headheight is too small (13.6pt): 
(fancyhdr)                Make it at least 14.49998pt, for example:
(fancyhdr)                \setlength{\headheight}{14.49998pt}.
(fancyhdr)                You might also make \topmargin smaller to compensate:

(fancyhdr)                \addtolength{\topmargin}{-0.89998pt}.

[39 <./imatges/dictionary.png>]
Underfull \hbox (badness 10000) in paragraph at lines 968--969

 []


Overfull \hbox (1.19366pt too wide) in paragraph at lines 978--979
[]\T1/mdbch/b/n/12 origin_account \T1/mdbch/m/n/12 (String) [NOT NULL]: Em-ma-g
at-ze-ma el n˙-me-ro de comp-
 []


Underfull \hbox (badness 10000) in paragraph at lines 987--988

 []


Package fancyhdr Warning: \headheight is too small (13.6pt): 
(fancyhdr)                Make it at least 14.49998pt, for example:
(fancyhdr)                \setlength{\headheight}{14.49998pt}.
(fancyhdr)                You might also make \topmargin smaller to compensate:

(fancyhdr)                \addtolength{\topmargin}{-0.89998pt}.

[40]
Underfull \hbox (badness 10000) in paragraph at lines 989--990

 []


Underfull \hbox (badness 10000) in paragraph at lines 991--992

 []

<imatges/registerUser.png, id=674, 1084.05pt x 1927.2pt>
File: imatges/registerUser.png Graphic file (type png)
<use imatges/registerUser.png>
Package pdftex.def Info: imatges/registerUser.png  used on input line 1001.
(pdftex.def)             Requested size: 118.54669pt x 210.72816pt.
<imatges/registerUserWithvalues.png, id=675, 1084.05pt x 1927.2pt>
File: imatges/registerUserWithvalues.png Graphic file (type png)
<use imatges/registerUserWithvalues.png>
Package pdftex.def Info: imatges/registerUserWithvalues.png  used on input line
 1002.
(pdftex.def)             Requested size: 118.54669pt x 210.72816pt.
<imatges/login.png, id=676, 1084.05pt x 1927.2pt>
File: imatges/login.png Graphic file (type png)
<use imatges/login.png>
Package pdftex.def Info: imatges/login.png  used on input line 1010.
(pdftex.def)             Requested size: 118.54669pt x 210.72816pt.
<imatges/loginWithValue.png, id=677, 1084.05pt x 1927.2pt>
File: imatges/loginWithValue.png Graphic file (type png)
<use imatges/loginWithValue.png>
Package pdftex.def Info: imatges/loginWithValue.png  used on input line 1011.
(pdftex.def)             Requested size: 118.54669pt x 210.72816pt.

LaTeX Warning: `h' float specifier changed to `ht'.

<imatges/mainPage2.png, id=678, 542.025pt x 963.6pt>
File: imatges/mainPage2.png Graphic file (type png)
<use imatges/mainPage2.png>
Package pdftex.def Info: imatges/mainPage2.png  used on input line 1020.
(pdftex.def)             Requested size: 118.54669pt x 210.74287pt.
<imatges/paymentPage.png, id=679, 1084.05pt x 1927.2pt>
File: imatges/paymentPage.png Graphic file (type png)
<use imatges/paymentPage.png>
Package pdftex.def Info: imatges/paymentPage.png  used on input line 1021.
(pdftex.def)             Requested size: 118.54669pt x 210.72816pt.
<imatges/paymentPageWithValue.png, id=680, 1084.05pt x 1927.2pt>
File: imatges/paymentPageWithValue.png Graphic file (type png)
<use imatges/paymentPageWithValue.png>
Package pdftex.def Info: imatges/paymentPageWithValue.png  used on input line 1
022.
(pdftex.def)             Requested size: 118.54669pt x 210.72816pt.

LaTeX Warning: `h' float specifier changed to `ht'.

<imatges/mainPage3.png, id=681, 542.025pt x 963.6pt>
File: imatges/mainPage3.png Graphic file (type png)
<use imatges/mainPage3.png>
Package pdftex.def Info: imatges/mainPage3.png  used on input line 1029.
(pdftex.def)             Requested size: 118.54669pt x 210.74287pt.
<imatges/chargePage.png, id=682, 1084.05pt x 1927.2pt>
File: imatges/chargePage.png Graphic file (type png)
<use imatges/chargePage.png>
Package pdftex.def Info: imatges/chargePage.png  used on input line 1030.
(pdftex.def)             Requested size: 118.54669pt x 210.72816pt.
<imatges/chargePageWithValue.png, id=683, 1084.05pt x 1927.2pt>
File: imatges/chargePageWithValue.png Graphic file (type png)
<use imatges/chargePageWithValue.png>
Package pdftex.def Info: imatges/chargePageWithValue.png  used on input line 10
31.
(pdftex.def)             Requested size: 118.54669pt x 210.72816pt.

LaTeX Warning: `h' float specifier changed to `ht'.

<imatges/mainPage1.png, id=684, 542.025pt x 963.6pt>
File: imatges/mainPage1.png Graphic file (type png)
<use imatges/mainPage1.png>
Package pdftex.def Info: imatges/mainPage1.png  used on input line 1038.
(pdftex.def)             Requested size: 118.54669pt x 210.74287pt.
<imatges/scanQR.png, id=685, 1084.05pt x 1927.2pt>
File: imatges/scanQR.png Graphic file (type png)
<use imatges/scanQR.png>
Package pdftex.def Info: imatges/scanQR.png  used on input line 1039.
(pdftex.def)             Requested size: 118.54669pt x 210.72816pt.
<imatges/capturedQR.png, id=686, 1084.05pt x 1927.2pt>
File: imatges/capturedQR.png Graphic file (type png)
<use imatges/capturedQR.png>
Package pdftex.def Info: imatges/capturedQR.png  used on input line 1040.
(pdftex.def)             Requested size: 118.54669pt x 210.72816pt.

LaTeX Warning: `h' float specifier changed to `ht'.

File: imatges/login.png Graphic file (type png)
<use imatges/login.png>
Package pdftex.def Info: imatges/login.png  used on input line 1055.
(pdftex.def)             Requested size: 118.54669pt x 210.72816pt.
<imatges/loginAdmin.png, id=687, 1084.05pt x 1927.2pt>
File: imatges/loginAdmin.png Graphic file (type png)
<use imatges/loginAdmin.png>
Package pdftex.def Info: imatges/loginAdmin.png  used on input line 1056.
(pdftex.def)             Requested size: 118.54669pt x 210.72816pt.
<imatges/administer.png, id=688, 1084.05pt x 1927.2pt>
File: imatges/administer.png Graphic file (type png)
<use imatges/administer.png>
Package pdftex.def Info: imatges/administer.png  used on input line 1057.
(pdftex.def)             Requested size: 118.54669pt x 210.72816pt.

LaTeX Warning: `h' float specifier changed to `ht'.


Package fancyhdr Warning: \headheight is too small (13.6pt): 
(fancyhdr)                Make it at least 14.49998pt, for example:
(fancyhdr)                \setlength{\headheight}{14.49998pt}.
(fancyhdr)                You might also make \topmargin smaller to compensate:

(fancyhdr)                \addtolength{\topmargin}{-0.89998pt}.

[41 <./imatges/registerUser.png> <./imatges/registerUserWithvalues.png>]

Package fancyhdr Warning: \headheight is too small (13.6pt): 
(fancyhdr)                Make it at least 14.49998pt, for example:
(fancyhdr)                \setlength{\headheight}{14.49998pt}.
(fancyhdr)                You might also make \topmargin smaller to compensate:

(fancyhdr)                \addtolength{\topmargin}{-0.89998pt}.

[42 <./imatges/login.png> <./imatges/loginWithValue.png> <./imatges/mainPage2.p
ng> <./imatges/paymentPage.png> <./imatges/paymentPageWithValue.png>]

Package fancyhdr Warning: \headheight is too small (13.6pt): 
(fancyhdr)                Make it at least 14.49998pt, for example:
(fancyhdr)                \setlength{\headheight}{14.49998pt}.
(fancyhdr)                You might also make \topmargin smaller to compensate:

(fancyhdr)                \addtolength{\topmargin}{-0.89998pt}.

[43 <./imatges/mainPage3.png> <./imatges/chargePage.png> <./imatges/chargePageW
ithValue.png> <./imatges/mainPage1.png> <./imatges/scanQR.png> <./imatges/captu
redQR.png>]

Package fancyhdr Warning: \headheight is too small (13.6pt): 
(fancyhdr)                Make it at least 14.49998pt, for example:
(fancyhdr)                \setlength{\headheight}{14.49998pt}.
(fancyhdr)                You might also make \topmargin smaller to compensate:

(fancyhdr)                \addtolength{\topmargin}{-0.89998pt}.

[44 <./imatges/loginAdmin.png> <./imatges/administer.png>]
<imatges/diagrama processos.png, id=720, 1004.75375pt x 1044.90375pt>
File: imatges/diagrama processos.png Graphic file (type png)
<use imatges/diagrama processos.png>
Package pdftex.def Info: imatges/diagrama processos.png  used on input line 107
0.
(pdftex.def)             Requested size: 395.15166pt x 410.93877pt.

Overfull \hbox (8.46434pt too wide) in paragraph at lines 1077--1078
[]\T1/mdbch/m/n/12 Aquesta di-a-gra-ma de flux re-pre-sen-ta els pro-ces-sos de
 ges-tiÛ d'u-su-a-ris i transac-
 []


Underfull \vbox (badness 6157) has occurred while \output is active []



Package fancyhdr Warning: \headheight is too small (13.6pt): 
(fancyhdr)                Make it at least 14.49998pt, for example:
(fancyhdr)                \setlength{\headheight}{14.49998pt}.
(fancyhdr)                You might also make \topmargin smaller to compensate:

(fancyhdr)                \addtolength{\topmargin}{-0.89998pt}.

[45

 <./imatges/diagrama processos.png>]

Package fancyhdr Warning: \headheight is too small (13.6pt): 
(fancyhdr)                Make it at least 14.49998pt, for example:
(fancyhdr)                \setlength{\headheight}{14.49998pt}.
(fancyhdr)                You might also make \topmargin smaller to compensate:

(fancyhdr)                \addtolength{\topmargin}{-0.89998pt}.

[46]
Cap\'{\i }tol 9.

Underfull \hbox (badness 10000) in paragraph at lines 1121--1122

 []


Underfull \hbox (badness 10000) in paragraph at lines 1123--1124

 []

[47

]
Underfull \hbox (badness 10000) in paragraph at lines 1133--1134

 []


Underfull \hbox (badness 10000) in paragraph at lines 1135--1136

 []


Underfull \hbox (badness 10000) in paragraph at lines 1137--1138

 []


Package fancyhdr Warning: \headheight is too small (13.6pt): 
(fancyhdr)                Make it at least 14.49998pt, for example:
(fancyhdr)                \setlength{\headheight}{14.49998pt}.
(fancyhdr)                You might also make \topmargin smaller to compensate:

(fancyhdr)                \addtolength{\topmargin}{-0.89998pt}.

[48]

Package fancyhdr Warning: \headheight is too small (13.6pt): 
(fancyhdr)                Make it at least 14.49998pt, for example:
(fancyhdr)                \setlength{\headheight}{14.49998pt}.
(fancyhdr)                You might also make \topmargin smaller to compensate:

(fancyhdr)                \addtolength{\topmargin}{-0.89998pt}.

[49]

Package fancyhdr Warning: \headheight is too small (13.6pt): 
(fancyhdr)                Make it at least 14.49998pt, for example:
(fancyhdr)                \setlength{\headheight}{14.49998pt}.
(fancyhdr)                You might also make \topmargin smaller to compensate:

(fancyhdr)                \addtolength{\topmargin}{-0.89998pt}.

[50]
Cap\'{\i }tol 10.

Underfull \hbox (badness 10000) in paragraph at lines 1174--1175

 []


Underfull \hbox (badness 10000) in paragraph at lines 1176--1177

 []


Underfull \hbox (badness 10000) in paragraph at lines 1186--1187

 []

[51

]
Underfull \hbox (badness 10000) in paragraph at lines 1188--1189

 []


Package fancyhdr Warning: \headheight is too small (13.6pt): 
(fancyhdr)                Make it at least 14.49998pt, for example:
(fancyhdr)                \setlength{\headheight}{14.49998pt}.
(fancyhdr)                You might also make \topmargin smaller to compensate:

(fancyhdr)                \addtolength{\topmargin}{-0.89998pt}.

[52]
Cap\'{\i }tol 11.

Underfull \hbox (badness 10000) in paragraph at lines 1218--1219

 []

LaTeX Font Info:    Faking \texteuro for font family mdbch
(Font)              in TS1 encoding on input line 1220.

Underfull \hbox (badness 10000) in paragraph at lines 1220--1221

 []


Underfull \hbox (badness 10000) in paragraph at lines 1223--1224

 []


Underfull \hbox (badness 10000) in paragraph at lines 1225--1226

 []


Underfull \hbox (badness 10000) in paragraph at lines 1227--1228

 []

[53

]
Underfull \hbox (badness 10000) in paragraph at lines 1230--1231

 []


Package fancyhdr Warning: \headheight is too small (13.6pt): 
(fancyhdr)                Make it at least 14.49998pt, for example:
(fancyhdr)                \setlength{\headheight}{14.49998pt}.
(fancyhdr)                You might also make \topmargin smaller to compensate:

(fancyhdr)                \addtolength{\topmargin}{-0.89998pt}.

[54]
Cap\'{\i }tol 12.

Overfull \hbox (6.98914pt too wide) in paragraph at lines 1248--1249
[]\T1/mdbch/m/n/12 Una p‡-gi-na d'a-n‡-li-si que pro-por-ci-o-ni in-for-ma-ciÛ 
de-ta-lla-da so-bre les transac-
 []

[55

]

Package fancyhdr Warning: \headheight is too small (13.6pt): 
(fancyhdr)                Make it at least 14.49998pt, for example:
(fancyhdr)                \setlength{\headheight}{14.49998pt}.
(fancyhdr)                You might also make \topmargin smaller to compensate:

(fancyhdr)                \addtolength{\topmargin}{-0.89998pt}.

[56]
Cap\'{\i }tol 13.
(main.bbl (main.brf)
\tf@brf=\write8
\openout8 = `main.brf'.



LaTeX Warning: Empty `thebibliography' environment on input line 3.

) [57

] [58

]
Annex A.
[59]

Package fancyhdr Warning: \headheight is too small (13.6pt): 
(fancyhdr)                Make it at least 14.49998pt, for example:
(fancyhdr)                \setlength{\headheight}{14.49998pt}.
(fancyhdr)                You might also make \topmargin smaller to compensate:

(fancyhdr)                \addtolength{\topmargin}{-0.89998pt}.

[60]

Package fancyhdr Warning: \headheight is too small (13.6pt): 
(fancyhdr)                Make it at least 14.49998pt, for example:
(fancyhdr)                \setlength{\headheight}{14.49998pt}.
(fancyhdr)                You might also make \topmargin smaller to compensate:

(fancyhdr)                \addtolength{\topmargin}{-0.89998pt}.

[61] [62

]
Annex B.
Package minitoc Info: I0009
(minitoc)             Listing minitoc auxiliary files. 
(minitoc)             Creating the main.maf file.
\openout3 = `main.maf'.


Package minitoc(hints) Warning: W0078
(minitoc(hints))                You have used \dominitoc, 
(minitoc(hints))                but not \minitoc.

Package minitoc(hints) Info: I0053
(minitoc(hints))             You have loaded the float package; 
(minitoc(hints))             please be aware that the minitoc package 
(minitoc(hints))             facilities can not be used for new types 
(minitoc(hints))             of floats defined by the float package.

Package minitoc(hints) Warning: W0024
(minitoc(hints))                Some hints have been written 
(minitoc(hints))                in the main.log file.

[63] (main.aux)
 ***********
LaTeX2e <2023-11-01> patch level 1
L3 programming layer <2024-01-04>
 ***********


LaTeX Warning: There were multiply-defined labels.

Package rerunfilecheck Info: File `main.out' has not changed.
(rerunfilecheck)             Checksum: F5C868C880E3E4A749C74A1976AF8A17;9865.
Package rerunfilecheck Info: File `main.brf' has not changed.
(rerunfilecheck)             Checksum: D41D8CD98F00B204E9800998ECF8427E;0.
 ) 
Here is how much of TeX's memory you used:
 17747 strings out of 474486
 285746 string characters out of 5742340
 1939542 words of memory out of 5000000
 39497 multiletter control sequences out of 15000+600000
 623280 words of font info for 121 fonts, out of 8000000 for 9000
 1141 hyphenation exceptions out of 8191
 105i,15n,107p,908b,759s stack positions out of 10000i,1000n,20000p,200000b,200000s
 <C:\Users\sudan.wu\AppData\Local\MiKTeX\fonts/pk/ljfour/jknappen/ec/dpi643\e
ctt1200.pk><C:/Users/sudan.wu/AppData/Local/Programs/MiKTeX/fonts/type1/bitstre
a/charter/bchb8a.pfb><C:/Users/sudan.wu/AppData/Local/Programs/MiKTeX/fonts/typ
e1/bitstrea/charter/bchr8a.pfb><C:/Users/sudan.wu/AppData/Local/Programs/MiKTeX
/fonts/type1/bitstrea/charter/bchri8a.pfb><C:/Users/sudan.wu/AppData/Local/Prog
rams/MiKTeX/fonts/type1/mathdesign/mdbch/md-chb8t.pfb><C:/Users/sudan.wu/AppDat
a/Local/Programs/MiKTeX/fonts/type1/mathdesign/mdbch/md-chr8t.pfb>
Output written on main.pdf (79 pages, 3276946 bytes).
PDF statistics:
 872 PDF objects out of 1000 (max. 8388607)
 175 named destinations out of 1000 (max. 500000)
 677 words of extra memory for PDF output out of 10000 (max. 10000000)

